{"/Users/bytedance/projj/github.com/gxcsoccer/play-music/src/commands/control.ts": {"path":"/Users/bytedance/projj/github.com/gxcsoccer/play-music/src/commands/control.ts","statementMap":{"0":{"start":{"line":6,"column":2},"end":{"line":6,"column":null}},"1":{"start":{"line":10,"column":2},"end":{"line":26,"column":null}},"2":{"start":{"line":11,"column":16},"end":{"line":11,"column":34}},"3":{"start":{"line":12,"column":4},"end":{"line":12,"column":null}},"4":{"start":{"line":13,"column":4},"end":{"line":13,"column":null}},"5":{"start":{"line":14,"column":10},"end":{"line":14,"column":29}},"6":{"start":{"line":15,"column":4},"end":{"line":18,"column":null}},"7":{"start":{"line":16,"column":6},"end":{"line":16,"column":null}},"8":{"start":{"line":18,"column":6},"end":{"line":18,"column":null}},"9":{"start":{"line":21,"column":4},"end":{"line":24,"column":null}},"10":{"start":{"line":22,"column":6},"end":{"line":22,"column":null}},"11":{"start":{"line":24,"column":6},"end":{"line":24,"column":null}},"12":{"start":{"line":26,"column":4},"end":{"line":26,"column":null}},"13":{"start":{"line":31,"column":2},"end":{"line":47,"column":null}},"14":{"start":{"line":32,"column":16},"end":{"line":32,"column":34}},"15":{"start":{"line":33,"column":4},"end":{"line":33,"column":null}},"16":{"start":{"line":34,"column":4},"end":{"line":34,"column":null}},"17":{"start":{"line":35,"column":10},"end":{"line":35,"column":29}},"18":{"start":{"line":36,"column":4},"end":{"line":39,"column":null}},"19":{"start":{"line":37,"column":6},"end":{"line":37,"column":null}},"20":{"start":{"line":39,"column":6},"end":{"line":39,"column":null}},"21":{"start":{"line":42,"column":4},"end":{"line":45,"column":null}},"22":{"start":{"line":43,"column":6},"end":{"line":43,"column":null}},"23":{"start":{"line":45,"column":6},"end":{"line":45,"column":null}},"24":{"start":{"line":47,"column":4},"end":{"line":47,"column":null}},"25":{"start":{"line":52,"column":2},"end":{"line":56,"column":null}},"26":{"start":{"line":53,"column":16},"end":{"line":53,"column":34}},"27":{"start":{"line":54,"column":4},"end":{"line":54,"column":null}},"28":{"start":{"line":55,"column":4},"end":{"line":55,"column":null}},"29":{"start":{"line":59,"column":2},"end":{"line":59,"column":null}},"30":{"start":{"line":60,"column":2},"end":{"line":60,"column":null}},"31":{"start":{"line":61,"column":2},"end":{"line":64,"column":null}},"32":{"start":{"line":62,"column":4},"end":{"line":62,"column":null}},"33":{"start":{"line":64,"column":4},"end":{"line":64,"column":null}},"34":{"start":{"line":69,"column":2},"end":{"line":89,"column":null}},"35":{"start":{"line":70,"column":16},"end":{"line":70,"column":35}},"36":{"start":{"line":71,"column":4},"end":{"line":71,"column":null}},"37":{"start":{"line":71,"column":44},"end":{"line":71,"column":null}},"38":{"start":{"line":72,"column":16},"end":{"line":72,"column":34}},"39":{"start":{"line":73,"column":4},"end":{"line":73,"column":null}},"40":{"start":{"line":74,"column":4},"end":{"line":74,"column":null}},"41":{"start":{"line":75,"column":10},"end":{"line":75,"column":29}},"42":{"start":{"line":76,"column":4},"end":{"line":76,"column":null}},"43":{"start":{"line":77,"column":4},"end":{"line":80,"column":null}},"44":{"start":{"line":78,"column":6},"end":{"line":78,"column":null}},"45":{"start":{"line":80,"column":6},"end":{"line":80,"column":null}},"46":{"start":{"line":83,"column":16},"end":{"line":83,"column":64}},"47":{"start":{"line":84,"column":4},"end":{"line":87,"column":null}},"48":{"start":{"line":85,"column":6},"end":{"line":85,"column":null}},"49":{"start":{"line":87,"column":6},"end":{"line":87,"column":null}},"50":{"start":{"line":89,"column":4},"end":{"line":89,"column":null}},"51":{"start":{"line":93,"column":35},"end":{"line":93,"column":null}},"52":{"start":{"line":94,"column":50},"end":{"line":94,"column":null}},"53":{"start":{"line":97,"column":2},"end":{"line":133,"column":null}},"54":{"start":{"line":98,"column":10},"end":{"line":98,"column":29}},"55":{"start":{"line":101,"column":4},"end":{"line":107,"column":null}},"56":{"start":{"line":102,"column":6},"end":{"line":102,"column":null}},"57":{"start":{"line":105,"column":22},"end":{"line":105,"column":null}},"58":{"start":{"line":106,"column":18},"end":{"line":106,"column":47}},"59":{"start":{"line":107,"column":6},"end":{"line":107,"column":null}},"60":{"start":{"line":111,"column":4},"end":{"line":115,"column":null}},"61":{"start":{"line":112,"column":18},"end":{"line":112,"column":36}},"62":{"start":{"line":113,"column":6},"end":{"line":113,"column":null}},"63":{"start":{"line":114,"column":6},"end":{"line":114,"column":null}},"64":{"start":{"line":119,"column":4},"end":{"line":119,"column":null}},"65":{"start":{"line":121,"column":4},"end":{"line":124,"column":null}},"66":{"start":{"line":122,"column":6},"end":{"line":122,"column":null}},"67":{"start":{"line":124,"column":6},"end":{"line":124,"column":null}},"68":{"start":{"line":127,"column":16},"end":{"line":127,"column":64}},"69":{"start":{"line":128,"column":4},"end":{"line":131,"column":null}},"70":{"start":{"line":129,"column":6},"end":{"line":129,"column":null}},"71":{"start":{"line":131,"column":6},"end":{"line":131,"column":null}},"72":{"start":{"line":133,"column":4},"end":{"line":133,"column":null}},"73":{"start":{"line":138,"column":2},"end":{"line":158,"column":null}},"74":{"start":{"line":139,"column":16},"end":{"line":139,"column":34}},"75":{"start":{"line":140,"column":4},"end":{"line":143,"column":null}},"76":{"start":{"line":141,"column":6},"end":{"line":141,"column":null}},"77":{"start":{"line":143,"column":6},"end":{"line":143,"column":null}},"78":{"start":{"line":145,"column":4},"end":{"line":145,"column":null}},"79":{"start":{"line":146,"column":4},"end":{"line":149,"column":null}},"80":{"start":{"line":147,"column":6},"end":{"line":147,"column":null}},"81":{"start":{"line":149,"column":6},"end":{"line":149,"column":null}},"82":{"start":{"line":152,"column":16},"end":{"line":152,"column":64}},"83":{"start":{"line":153,"column":4},"end":{"line":156,"column":null}},"84":{"start":{"line":154,"column":6},"end":{"line":154,"column":null}},"85":{"start":{"line":156,"column":6},"end":{"line":156,"column":null}},"86":{"start":{"line":158,"column":4},"end":{"line":158,"column":null}}},"fnMap":{"0":{"name":"isTTY","decl":{"start":{"line":5,"column":9},"end":{"line":5,"column":26}},"loc":{"start":{"line":5,"column":26},"end":{"line":6,"column":null}},"line":5},"1":{"name":"pauseCommand","decl":{"start":{"line":9,"column":22},"end":{"line":9,"column":52}},"loc":{"start":{"line":9,"column":52},"end":{"line":26,"column":null}},"line":9},"2":{"name":"resumeCommand","decl":{"start":{"line":30,"column":22},"end":{"line":30,"column":53}},"loc":{"start":{"line":30,"column":53},"end":{"line":47,"column":null}},"line":30},"3":{"name":"stopCommand","decl":{"start":{"line":51,"column":22},"end":{"line":51,"column":51}},"loc":{"start":{"line":51,"column":51},"end":{"line":64,"column":null}},"line":51},"4":{"name":"volumeCommand","decl":{"start":{"line":68,"column":22},"end":{"line":68,"column":36}},"loc":{"start":{"line":68,"column":66},"end":{"line":89,"column":null}},"line":68},"5":{"name":"repeatCommand","decl":{"start":{"line":96,"column":22},"end":{"line":96,"column":36}},"loc":{"start":{"line":96,"column":66},"end":{"line":133,"column":null}},"line":96},"6":{"name":"seekCommand","decl":{"start":{"line":137,"column":22},"end":{"line":137,"column":34}},"loc":{"start":{"line":137,"column":65},"end":{"line":158,"column":null}},"line":137}},"branchMap":{"0":{"loc":{"start":{"line":15,"column":4},"end":{"line":18,"column":null}},"type":"if","locations":[{"start":{"line":15,"column":4},"end":{"line":18,"column":null}},{"start":{"line":17,"column":11},"end":{"line":18,"column":null}}],"line":15},"1":{"loc":{"start":{"line":16,"column":31},"end":{"line":16,"column":61}},"type":"binary-expr","locations":[{"start":{"line":16,"column":31},"end":{"line":16,"column":51}},{"start":{"line":16,"column":51},"end":{"line":16,"column":61}}],"line":16},"2":{"loc":{"start":{"line":16,"column":66},"end":{"line":16,"column":93}},"type":"binary-expr","locations":[{"start":{"line":16,"column":66},"end":{"line":16,"column":88}},{"start":{"line":16,"column":88},"end":{"line":16,"column":93}}],"line":16},"3":{"loc":{"start":{"line":21,"column":4},"end":{"line":24,"column":null}},"type":"if","locations":[{"start":{"line":21,"column":4},"end":{"line":24,"column":null}},{"start":{"line":23,"column":11},"end":{"line":24,"column":null}}],"line":21},"4":{"loc":{"start":{"line":36,"column":4},"end":{"line":39,"column":null}},"type":"if","locations":[{"start":{"line":36,"column":4},"end":{"line":39,"column":null}},{"start":{"line":38,"column":11},"end":{"line":39,"column":null}}],"line":36},"5":{"loc":{"start":{"line":37,"column":32},"end":{"line":37,"column":62}},"type":"binary-expr","locations":[{"start":{"line":37,"column":32},"end":{"line":37,"column":52}},{"start":{"line":37,"column":52},"end":{"line":37,"column":62}}],"line":37},"6":{"loc":{"start":{"line":37,"column":67},"end":{"line":37,"column":94}},"type":"binary-expr","locations":[{"start":{"line":37,"column":67},"end":{"line":37,"column":89}},{"start":{"line":37,"column":89},"end":{"line":37,"column":94}}],"line":37},"7":{"loc":{"start":{"line":42,"column":4},"end":{"line":45,"column":null}},"type":"if","locations":[{"start":{"line":42,"column":4},"end":{"line":45,"column":null}},{"start":{"line":44,"column":11},"end":{"line":45,"column":null}}],"line":42},"8":{"loc":{"start":{"line":61,"column":2},"end":{"line":64,"column":null}},"type":"if","locations":[{"start":{"line":61,"column":2},"end":{"line":64,"column":null}},{"start":{"line":63,"column":9},"end":{"line":64,"column":null}}],"line":61},"9":{"loc":{"start":{"line":71,"column":4},"end":{"line":71,"column":null}},"type":"if","locations":[{"start":{"line":71,"column":4},"end":{"line":71,"column":null}},{"start":{},"end":{}}],"line":71},"10":{"loc":{"start":{"line":71,"column":8},"end":{"line":71,"column":44}},"type":"binary-expr","locations":[{"start":{"line":71,"column":8},"end":{"line":71,"column":18}},{"start":{"line":71,"column":22},"end":{"line":71,"column":33}},{"start":{"line":71,"column":33},"end":{"line":71,"column":44}}],"line":71},"11":{"loc":{"start":{"line":77,"column":4},"end":{"line":80,"column":null}},"type":"if","locations":[{"start":{"line":77,"column":4},"end":{"line":80,"column":null}},{"start":{"line":79,"column":11},"end":{"line":80,"column":null}}],"line":77},"12":{"loc":{"start":{"line":83,"column":16},"end":{"line":83,"column":64}},"type":"cond-expr","locations":[{"start":{"line":83,"column":39},"end":{"line":83,"column":53}},{"start":{"line":83,"column":53},"end":{"line":83,"column":64}}],"line":83},"13":{"loc":{"start":{"line":84,"column":4},"end":{"line":87,"column":null}},"type":"if","locations":[{"start":{"line":84,"column":4},"end":{"line":87,"column":null}},{"start":{"line":86,"column":11},"end":{"line":87,"column":null}}],"line":84},"14":{"loc":{"start":{"line":101,"column":4},"end":{"line":107,"column":null}},"type":"if","locations":[{"start":{"line":101,"column":4},"end":{"line":107,"column":null}},{"start":{"line":103,"column":11},"end":{"line":107,"column":null}}],"line":101},"15":{"loc":{"start":{"line":101,"column":8},"end":{"line":101,"column":57}},"type":"binary-expr","locations":[{"start":{"line":101,"column":8},"end":{"line":101,"column":16}},{"start":{"line":101,"column":16},"end":{"line":101,"column":57}}],"line":101},"16":{"loc":{"start":{"line":105,"column":22},"end":{"line":105,"column":null}},"type":"binary-expr","locations":[{"start":{"line":105,"column":22},"end":{"line":105,"column":38}},{"start":{"line":105,"column":38},"end":{"line":105,"column":null}}],"line":105},"17":{"loc":{"start":{"line":113,"column":41},"end":{"line":113,"column":74}},"type":"cond-expr","locations":[{"start":{"line":113,"column":61},"end":{"line":113,"column":69}},{"start":{"line":113,"column":69},"end":{"line":113,"column":74}}],"line":113},"18":{"loc":{"start":{"line":121,"column":4},"end":{"line":124,"column":null}},"type":"if","locations":[{"start":{"line":121,"column":4},"end":{"line":124,"column":null}},{"start":{"line":123,"column":11},"end":{"line":124,"column":null}}],"line":121},"19":{"loc":{"start":{"line":127,"column":16},"end":{"line":127,"column":64}},"type":"cond-expr","locations":[{"start":{"line":127,"column":39},"end":{"line":127,"column":53}},{"start":{"line":127,"column":53},"end":{"line":127,"column":64}}],"line":127},"20":{"loc":{"start":{"line":128,"column":4},"end":{"line":131,"column":null}},"type":"if","locations":[{"start":{"line":128,"column":4},"end":{"line":131,"column":null}},{"start":{"line":130,"column":11},"end":{"line":131,"column":null}}],"line":128},"21":{"loc":{"start":{"line":140,"column":4},"end":{"line":143,"column":null}},"type":"if","locations":[{"start":{"line":140,"column":4},"end":{"line":143,"column":null}},{"start":{"line":142,"column":11},"end":{"line":143,"column":null}}],"line":140},"22":{"loc":{"start":{"line":140,"column":8},"end":{"line":140,"column":56}},"type":"binary-expr","locations":[{"start":{"line":140,"column":8},"end":{"line":140,"column":30}},{"start":{"line":140,"column":34},"end":{"line":140,"column":56}}],"line":140},"23":{"loc":{"start":{"line":146,"column":4},"end":{"line":149,"column":null}},"type":"if","locations":[{"start":{"line":146,"column":4},"end":{"line":149,"column":null}},{"start":{"line":148,"column":11},"end":{"line":149,"column":null}}],"line":146},"24":{"loc":{"start":{"line":152,"column":16},"end":{"line":152,"column":64}},"type":"cond-expr","locations":[{"start":{"line":152,"column":39},"end":{"line":152,"column":53}},{"start":{"line":152,"column":53},"end":{"line":152,"column":64}}],"line":152},"25":{"loc":{"start":{"line":153,"column":4},"end":{"line":156,"column":null}},"type":"if","locations":[{"start":{"line":153,"column":4},"end":{"line":156,"column":null}},{"start":{"line":155,"column":11},"end":{"line":156,"column":null}}],"line":153}},"s":{"0":8,"1":1,"2":1,"3":1,"4":1,"5":1,"6":1,"7":0,"8":1,"9":0,"10":0,"11":0,"12":0,"13":1,"14":1,"15":1,"16":1,"17":1,"18":1,"19":0,"20":1,"21":0,"22":0,"23":0,"24":0,"25":0,"26":0,"27":0,"28":0,"29":0,"30":0,"31":0,"32":0,"33":0,"34":1,"35":1,"36":1,"37":0,"38":1,"39":1,"40":1,"41":1,"42":1,"43":1,"44":0,"45":1,"46":0,"47":0,"48":0,"49":0,"50":0,"51":1,"52":1,"53":4,"54":4,"55":4,"56":1,"57":3,"58":3,"59":3,"60":4,"61":4,"62":4,"63":4,"64":4,"65":4,"66":0,"67":4,"68":0,"69":0,"70":0,"71":0,"72":0,"73":1,"74":1,"75":1,"76":1,"77":0,"78":1,"79":1,"80":0,"81":1,"82":0,"83":0,"84":0,"85":0,"86":0},"f":{"0":8,"1":1,"2":1,"3":0,"4":1,"5":4,"6":1},"b":{"0":[0,1],"1":[0,0],"2":[0,0],"3":[0,0],"4":[0,1],"5":[0,0],"6":[0,0],"7":[0,0],"8":[0,0],"9":[0,1],"10":[1,1,1],"11":[0,1],"12":[0,0],"13":[0,0],"14":[1,3],"15":[4,1],"16":[3,1],"17":[1,3],"18":[0,4],"19":[0,0],"20":[0,0],"21":[1,0],"22":[1,0],"23":[0,1],"24":[0,0],"25":[0,0]},"meta":{"lastBranch":26,"lastFunction":7,"lastStatement":87,"seen":{"f:5:9:5:26":0,"s:6:2:6:Infinity":0,"f:9:22:9:52":1,"s:10:2:26:Infinity":1,"s:11:16:11:34":2,"s:12:4:12:Infinity":3,"s:13:4:13:Infinity":4,"s:14:10:14:29":5,"b:15:4:18:Infinity:17:11:18:Infinity":0,"s:15:4:18:Infinity":6,"s:16:6:16:Infinity":7,"b:16:31:16:51:16:51:16:61":1,"b:16:66:16:88:16:88:16:93":2,"s:18:6:18:Infinity":8,"b:21:4:24:Infinity:23:11:24:Infinity":3,"s:21:4:24:Infinity":9,"s:22:6:22:Infinity":10,"s:24:6:24:Infinity":11,"s:26:4:26:Infinity":12,"f:30:22:30:53":2,"s:31:2:47:Infinity":13,"s:32:16:32:34":14,"s:33:4:33:Infinity":15,"s:34:4:34:Infinity":16,"s:35:10:35:29":17,"b:36:4:39:Infinity:38:11:39:Infinity":4,"s:36:4:39:Infinity":18,"s:37:6:37:Infinity":19,"b:37:32:37:52:37:52:37:62":5,"b:37:67:37:89:37:89:37:94":6,"s:39:6:39:Infinity":20,"b:42:4:45:Infinity:44:11:45:Infinity":7,"s:42:4:45:Infinity":21,"s:43:6:43:Infinity":22,"s:45:6:45:Infinity":23,"s:47:4:47:Infinity":24,"f:51:22:51:51":3,"s:52:2:56:Infinity":25,"s:53:16:53:34":26,"s:54:4:54:Infinity":27,"s:55:4:55:Infinity":28,"s:59:2:59:Infinity":29,"s:60:2:60:Infinity":30,"b:61:2:64:Infinity:63:9:64:Infinity":8,"s:61:2:64:Infinity":31,"s:62:4:62:Infinity":32,"s:64:4:64:Infinity":33,"f:68:22:68:36":4,"s:69:2:89:Infinity":34,"s:70:16:70:35":35,"b:71:4:71:Infinity:undefined:undefined:undefined:undefined":9,"s:71:4:71:Infinity":36,"b:71:8:71:18:71:22:71:33:71:33:71:44":10,"s:71:44:71:Infinity":37,"s:72:16:72:34":38,"s:73:4:73:Infinity":39,"s:74:4:74:Infinity":40,"s:75:10:75:29":41,"s:76:4:76:Infinity":42,"b:77:4:80:Infinity:79:11:80:Infinity":11,"s:77:4:80:Infinity":43,"s:78:6:78:Infinity":44,"s:80:6:80:Infinity":45,"s:83:16:83:64":46,"b:83:39:83:53:83:53:83:64":12,"b:84:4:87:Infinity:86:11:87:Infinity":13,"s:84:4:87:Infinity":47,"s:85:6:85:Infinity":48,"s:87:6:87:Infinity":49,"s:89:4:89:Infinity":50,"s:93:35:93:Infinity":51,"s:94:50:94:Infinity":52,"f:96:22:96:36":5,"s:97:2:133:Infinity":53,"s:98:10:98:29":54,"b:101:4:107:Infinity:103:11:107:Infinity":14,"s:101:4:107:Infinity":55,"b:101:8:101:16:101:16:101:57":15,"s:102:6:102:Infinity":56,"s:105:22:105:Infinity":57,"b:105:22:105:38:105:38:105:Infinity":16,"s:106:18:106:47":58,"s:107:6:107:Infinity":59,"s:111:4:115:Infinity":60,"s:112:18:112:36":61,"s:113:6:113:Infinity":62,"b:113:61:113:69:113:69:113:74":17,"s:114:6:114:Infinity":63,"s:119:4:119:Infinity":64,"b:121:4:124:Infinity:123:11:124:Infinity":18,"s:121:4:124:Infinity":65,"s:122:6:122:Infinity":66,"s:124:6:124:Infinity":67,"s:127:16:127:64":68,"b:127:39:127:53:127:53:127:64":19,"b:128:4:131:Infinity:130:11:131:Infinity":20,"s:128:4:131:Infinity":69,"s:129:6:129:Infinity":70,"s:131:6:131:Infinity":71,"s:133:4:133:Infinity":72,"f:137:22:137:34":6,"s:138:2:158:Infinity":73,"s:139:16:139:34":74,"b:140:4:143:Infinity:142:11:143:Infinity":21,"s:140:4:143:Infinity":75,"b:140:8:140:30:140:34:140:56":22,"s:141:6:141:Infinity":76,"s:143:6:143:Infinity":77,"s:145:4:145:Infinity":78,"b:146:4:149:Infinity:148:11:149:Infinity":23,"s:146:4:149:Infinity":79,"s:147:6:147:Infinity":80,"s:149:6:149:Infinity":81,"s:152:16:152:64":82,"b:152:39:152:53:152:53:152:64":24,"b:153:4:156:Infinity:155:11:156:Infinity":25,"s:153:4:156:Infinity":83,"s:154:6:154:Infinity":84,"s:156:6:156:Infinity":85,"s:158:4:158:Infinity":86}}}
,"/Users/bytedance/projj/github.com/gxcsoccer/play-music/src/commands/download.ts": {"path":"/Users/bytedance/projj/github.com/gxcsoccer/play-music/src/commands/download.ts","statementMap":{"0":{"start":{"line":16,"column":2},"end":{"line":61,"column":null}},"1":{"start":{"line":17,"column":20},"end":{"line":17,"column":null}},"2":{"start":{"line":18,"column":18},"end":{"line":18,"column":54}},"3":{"start":{"line":19,"column":4},"end":{"line":19,"column":null}},"4":{"start":{"line":19,"column":28},"end":{"line":19,"column":null}},"5":{"start":{"line":22,"column":20},"end":{"line":22,"column":null}},"6":{"start":{"line":23,"column":4},"end":{"line":49,"column":null}},"7":{"start":{"line":24,"column":6},"end":{"line":49,"column":null}},"8":{"start":{"line":25,"column":26},"end":{"line":25,"column":79}},"9":{"start":{"line":27,"column":8},"end":{"line":28,"column":null}},"10":{"start":{"line":28,"column":10},"end":{"line":28,"column":null}},"11":{"start":{"line":31,"column":25},"end":{"line":35,"column":null}},"12":{"start":{"line":32,"column":10},"end":{"line":33,"column":null}},"13":{"start":{"line":33,"column":12},"end":{"line":33,"column":null}},"14":{"start":{"line":37,"column":8},"end":{"line":41,"column":null}},"15":{"start":{"line":38,"column":10},"end":{"line":38,"column":null}},"16":{"start":{"line":39,"column":10},"end":{"line":39,"column":null}},"17":{"start":{"line":41,"column":10},"end":{"line":41,"column":null}},"18":{"start":{"line":43,"column":8},"end":{"line":43,"column":null}},"19":{"start":{"line":45,"column":8},"end":{"line":45,"column":null}},"20":{"start":{"line":46,"column":8},"end":{"line":47,"column":null}},"21":{"start":{"line":47,"column":10},"end":{"line":47,"column":null}},"22":{"start":{"line":49,"column":8},"end":{"line":49,"column":null}},"23":{"start":{"line":53,"column":4},"end":{"line":53,"column":null}},"24":{"start":{"line":55,"column":16},"end":{"line":55,"column":64}},"25":{"start":{"line":56,"column":4},"end":{"line":59,"column":null}},"26":{"start":{"line":57,"column":6},"end":{"line":57,"column":null}},"27":{"start":{"line":59,"column":6},"end":{"line":59,"column":null}},"28":{"start":{"line":61,"column":4},"end":{"line":61,"column":null}}},"fnMap":{"0":{"name":"downloadCommand","decl":{"start":{"line":12,"column":22},"end":{"line":12,"column":null}},"loc":{"start":{"line":15,"column":17},"end":{"line":61,"column":null}},"line":15},"1":{"name":"(anonymous_1)","decl":{"start":{"line":31,"column":50},"end":{"line":31,"column":62}},"loc":{"start":{"line":31,"column":68},"end":{"line":35,"column":null}},"line":31}},"branchMap":{"0":{"loc":{"start":{"line":17,"column":20},"end":{"line":17,"column":null}},"type":"cond-expr","locations":[{"start":{"line":17,"column":34},"end":{"line":17,"column":61}},{"start":{"line":17,"column":64},"end":{"line":17,"column":null}}],"line":17},"1":{"loc":{"start":{"line":19,"column":4},"end":{"line":19,"column":null}},"type":"if","locations":[{"start":{"line":19,"column":4},"end":{"line":19,"column":null}},{"start":{},"end":{}}],"line":19},"2":{"loc":{"start":{"line":25,"column":26},"end":{"line":25,"column":79}},"type":"binary-expr","locations":[{"start":{"line":25,"column":26},"end":{"line":25,"column":41}},{"start":{"line":25,"column":31},"end":{"line":25,"column":79}}],"line":25},"3":{"loc":{"start":{"line":25,"column":46},"end":{"line":25,"column":71}},"type":"binary-expr","locations":[{"start":{"line":25,"column":46},"end":{"line":25,"column":66}},{"start":{"line":25,"column":66},"end":{"line":25,"column":71}}],"line":25},"4":{"loc":{"start":{"line":27,"column":8},"end":{"line":28,"column":null}},"type":"if","locations":[{"start":{"line":27,"column":8},"end":{"line":28,"column":null}},{"start":{},"end":{}}],"line":27},"5":{"loc":{"start":{"line":32,"column":10},"end":{"line":33,"column":null}},"type":"if","locations":[{"start":{"line":32,"column":10},"end":{"line":33,"column":null}},{"start":{},"end":{}}],"line":32},"6":{"loc":{"start":{"line":37,"column":8},"end":{"line":41,"column":null}},"type":"if","locations":[{"start":{"line":37,"column":8},"end":{"line":41,"column":null}},{"start":{"line":40,"column":15},"end":{"line":41,"column":null}}],"line":37},"7":{"loc":{"start":{"line":45,"column":20},"end":{"line":45,"column":68}},"type":"cond-expr","locations":[{"start":{"line":45,"column":43},"end":{"line":45,"column":57}},{"start":{"line":45,"column":57},"end":{"line":45,"column":68}}],"line":45},"8":{"loc":{"start":{"line":46,"column":8},"end":{"line":47,"column":null}},"type":"if","locations":[{"start":{"line":46,"column":8},"end":{"line":47,"column":null}},{"start":{},"end":{}}],"line":46},"9":{"loc":{"start":{"line":55,"column":16},"end":{"line":55,"column":64}},"type":"cond-expr","locations":[{"start":{"line":55,"column":39},"end":{"line":55,"column":53}},{"start":{"line":55,"column":53},"end":{"line":55,"column":64}}],"line":55},"10":{"loc":{"start":{"line":56,"column":4},"end":{"line":59,"column":null}},"type":"if","locations":[{"start":{"line":56,"column":4},"end":{"line":59,"column":null}},{"start":{"line":58,"column":11},"end":{"line":59,"column":null}}],"line":56}},"s":{"0":0,"1":0,"2":0,"3":0,"4":0,"5":0,"6":0,"7":0,"8":0,"9":0,"10":0,"11":0,"12":0,"13":0,"14":0,"15":0,"16":0,"17":0,"18":0,"19":0,"20":0,"21":0,"22":0,"23":0,"24":0,"25":0,"26":0,"27":0,"28":0},"f":{"0":0,"1":0},"b":{"0":[0,0],"1":[0,0],"2":[0,0],"3":[0,0],"4":[0,0],"5":[0,0],"6":[0,0],"7":[0,0],"8":[0,0],"9":[0,0],"10":[0,0]},"meta":{"lastBranch":11,"lastFunction":2,"lastStatement":29,"seen":{"f:12:22:12:Infinity":0,"s:16:2:61:Infinity":0,"s:17:20:17:Infinity":1,"b:17:34:17:61:17:64:17:Infinity":0,"s:18:18:18:54":2,"b:19:4:19:Infinity:undefined:undefined:undefined:undefined":1,"s:19:4:19:Infinity":3,"s:19:28:19:Infinity":4,"s:22:20:22:Infinity":5,"s:23:4:49:Infinity":6,"s:24:6:49:Infinity":7,"s:25:26:25:79":8,"b:25:26:25:41:25:31:25:79":2,"b:25:46:25:66:25:66:25:71":3,"b:27:8:28:Infinity:undefined:undefined:undefined:undefined":4,"s:27:8:28:Infinity":9,"s:28:10:28:Infinity":10,"s:31:25:35:Infinity":11,"f:31:50:31:62":1,"b:32:10:33:Infinity:undefined:undefined:undefined:undefined":5,"s:32:10:33:Infinity":12,"s:33:12:33:Infinity":13,"b:37:8:41:Infinity:40:15:41:Infinity":6,"s:37:8:41:Infinity":14,"s:38:10:38:Infinity":15,"s:39:10:39:Infinity":16,"s:41:10:41:Infinity":17,"s:43:8:43:Infinity":18,"s:45:8:45:Infinity":19,"b:45:43:45:57:45:57:45:68":7,"b:46:8:47:Infinity:undefined:undefined:undefined:undefined":8,"s:46:8:47:Infinity":20,"s:47:10:47:Infinity":21,"s:49:8:49:Infinity":22,"s:53:4:53:Infinity":23,"s:55:16:55:64":24,"b:55:39:55:53:55:53:55:64":9,"b:56:4:59:Infinity:58:11:59:Infinity":10,"s:56:4:59:Infinity":25,"s:57:6:57:Infinity":26,"s:59:6:59:Infinity":27,"s:61:4:61:Infinity":28}}}
,"/Users/bytedance/projj/github.com/gxcsoccer/play-music/src/commands/lyric.ts": {"path":"/Users/bytedance/projj/github.com/gxcsoccer/play-music/src/commands/lyric.ts","statementMap":{"0":{"start":{"line":8,"column":8},"end":{"line":8,"column":27}},"1":{"start":{"line":9,"column":2},"end":{"line":15,"column":null}},"2":{"start":{"line":10,"column":4},"end":{"line":13,"column":null}},"3":{"start":{"line":11,"column":6},"end":{"line":11,"column":null}},"4":{"start":{"line":13,"column":6},"end":{"line":13,"column":null}},"5":{"start":{"line":15,"column":4},"end":{"line":15,"column":null}},"6":{"start":{"line":18,"column":2},"end":{"line":51,"column":null}},"7":{"start":{"line":19,"column":10},"end":{"line":19,"column":51}},"8":{"start":{"line":20,"column":4},"end":{"line":20,"column":null}},"9":{"start":{"line":20,"column":19},"end":{"line":20,"column":null}},"10":{"start":{"line":22,"column":16},"end":{"line":22,"column":52}},"11":{"start":{"line":24,"column":4},"end":{"line":43,"column":null}},"12":{"start":{"line":25,"column":12},"end":{"line":25,"column":33}},"13":{"start":{"line":26,"column":6},"end":{"line":36,"column":null}},"14":{"start":{"line":38,"column":6},"end":{"line":40,"column":null}},"15":{"start":{"line":39,"column":8},"end":{"line":39,"column":null}},"16":{"start":{"line":40,"column":8},"end":{"line":40,"column":null}},"17":{"start":{"line":42,"column":6},"end":{"line":42,"column":null}},"18":{"start":{"line":43,"column":6},"end":{"line":43,"column":null}},"19":{"start":{"line":46,"column":4},"end":{"line":49,"column":null}},"20":{"start":{"line":47,"column":6},"end":{"line":47,"column":null}},"21":{"start":{"line":49,"column":6},"end":{"line":49,"column":null}},"22":{"start":{"line":51,"column":4},"end":{"line":51,"column":null}}},"fnMap":{"0":{"name":"lyricCommand","decl":{"start":{"line":7,"column":22},"end":{"line":7,"column":35}},"loc":{"start":{"line":7,"column":76},"end":{"line":51,"column":null}},"line":7}},"branchMap":{"0":{"loc":{"start":{"line":9,"column":2},"end":{"line":15,"column":null}},"type":"if","locations":[{"start":{"line":9,"column":2},"end":{"line":15,"column":null}},{"start":{},"end":{}}],"line":9},"1":{"loc":{"start":{"line":10,"column":4},"end":{"line":13,"column":null}},"type":"if","locations":[{"start":{"line":10,"column":4},"end":{"line":13,"column":null}},{"start":{"line":12,"column":11},"end":{"line":13,"column":null}}],"line":10},"2":{"loc":{"start":{"line":20,"column":4},"end":{"line":20,"column":null}},"type":"if","locations":[{"start":{"line":20,"column":4},"end":{"line":20,"column":null}},{"start":{},"end":{}}],"line":20},"3":{"loc":{"start":{"line":24,"column":4},"end":{"line":43,"column":null}},"type":"if","locations":[{"start":{"line":24,"column":4},"end":{"line":43,"column":null}},{"start":{"line":37,"column":11},"end":{"line":43,"column":null}}],"line":24},"4":{"loc":{"start":{"line":38,"column":6},"end":{"line":40,"column":null}},"type":"if","locations":[{"start":{"line":38,"column":6},"end":{"line":40,"column":null}},{"start":{},"end":{}}],"line":38},"5":{"loc":{"start":{"line":46,"column":4},"end":{"line":49,"column":null}},"type":"if","locations":[{"start":{"line":46,"column":4},"end":{"line":49,"column":null}},{"start":{"line":48,"column":11},"end":{"line":49,"column":null}}],"line":46},"6":{"loc":{"start":{"line":47,"column":38},"end":{"line":47,"column":86}},"type":"cond-expr","locations":[{"start":{"line":47,"column":61},"end":{"line":47,"column":75}},{"start":{"line":47,"column":75},"end":{"line":47,"column":86}}],"line":47},"7":{"loc":{"start":{"line":49,"column":30},"end":{"line":49,"column":71}},"type":"cond-expr","locations":[{"start":{"line":49,"column":53},"end":{"line":49,"column":67}},{"start":{"line":49,"column":67},"end":{"line":49,"column":71}}],"line":49}},"s":{"0":0,"1":0,"2":0,"3":0,"4":0,"5":0,"6":0,"7":0,"8":0,"9":0,"10":0,"11":0,"12":0,"13":0,"14":0,"15":0,"16":0,"17":0,"18":0,"19":0,"20":0,"21":0,"22":0},"f":{"0":0},"b":{"0":[0,0],"1":[0,0],"2":[0,0],"3":[0,0],"4":[0,0],"5":[0,0],"6":[0,0],"7":[0,0]},"meta":{"lastBranch":8,"lastFunction":1,"lastStatement":23,"seen":{"f:7:22:7:35":0,"s:8:8:8:27":0,"b:9:2:15:Infinity:undefined:undefined:undefined:undefined":0,"s:9:2:15:Infinity":1,"b:10:4:13:Infinity:12:11:13:Infinity":1,"s:10:4:13:Infinity":2,"s:11:6:11:Infinity":3,"s:13:6:13:Infinity":4,"s:15:4:15:Infinity":5,"s:18:2:51:Infinity":6,"s:19:10:19:51":7,"b:20:4:20:Infinity:undefined:undefined:undefined:undefined":2,"s:20:4:20:Infinity":8,"s:20:19:20:Infinity":9,"s:22:16:22:52":10,"b:24:4:43:Infinity:37:11:43:Infinity":3,"s:24:4:43:Infinity":11,"s:25:12:25:33":12,"s:26:6:36:Infinity":13,"b:38:6:40:Infinity:undefined:undefined:undefined:undefined":4,"s:38:6:40:Infinity":14,"s:39:8:39:Infinity":15,"s:40:8:40:Infinity":16,"s:42:6:42:Infinity":17,"s:43:6:43:Infinity":18,"b:46:4:49:Infinity:48:11:49:Infinity":5,"s:46:4:49:Infinity":19,"s:47:6:47:Infinity":20,"b:47:61:47:75:47:75:47:86":6,"s:49:6:49:Infinity":21,"b:49:53:49:67:49:67:49:71":7,"s:51:4:51:Infinity":22}}}
,"/Users/bytedance/projj/github.com/gxcsoccer/play-music/src/commands/play.ts": {"path":"/Users/bytedance/projj/github.com/gxcsoccer/play-music/src/commands/play.ts","statementMap":{"0":{"start":{"line":8,"column":2},"end":{"line":8,"column":null}},"1":{"start":{"line":8,"column":23},"end":{"line":8,"column":null}},"2":{"start":{"line":9,"column":2},"end":{"line":13,"column":null}},"3":{"start":{"line":10,"column":16},"end":{"line":10,"column":34}},"4":{"start":{"line":11,"column":4},"end":{"line":11,"column":null}},"5":{"start":{"line":12,"column":4},"end":{"line":12,"column":null}},"6":{"start":{"line":16,"column":2},"end":{"line":16,"column":null}},"7":{"start":{"line":24,"column":18},"end":{"line":24,"column":null}},"8":{"start":{"line":25,"column":16},"end":{"line":25,"column":53}},"9":{"start":{"line":26,"column":2},"end":{"line":26,"column":null}},"10":{"start":{"line":26,"column":26},"end":{"line":26,"column":null}},"11":{"start":{"line":29,"column":16},"end":{"line":29,"column":33}},"12":{"start":{"line":30,"column":2},"end":{"line":43,"column":null}},"13":{"start":{"line":31,"column":16},"end":{"line":31,"column":null}},"14":{"start":{"line":32,"column":4},"end":{"line":32,"column":null}},"15":{"start":{"line":32,"column":24},"end":{"line":32,"column":null}},"16":{"start":{"line":33,"column":4},"end":{"line":33,"column":null}},"17":{"start":{"line":35,"column":10},"end":{"line":35,"column":45}},"18":{"start":{"line":36,"column":4},"end":{"line":36,"column":null}},"19":{"start":{"line":36,"column":19},"end":{"line":36,"column":null}},"20":{"start":{"line":38,"column":4},"end":{"line":43,"column":null}},"21":{"start":{"line":39,"column":18},"end":{"line":39,"column":49}},"22":{"start":{"line":40,"column":6},"end":{"line":40,"column":null}},"23":{"start":{"line":40,"column":15},"end":{"line":40,"column":null}},"24":{"start":{"line":43,"column":6},"end":{"line":43,"column":null}},"25":{"start":{"line":47,"column":2},"end":{"line":47,"column":null}},"26":{"start":{"line":51,"column":2},"end":{"line":93,"column":null}},"27":{"start":{"line":52,"column":4},"end":{"line":52,"column":null}},"28":{"start":{"line":55,"column":25},"end":{"line":55,"column":null}},"29":{"start":{"line":56,"column":4},"end":{"line":59,"column":null}},"30":{"start":{"line":57,"column":6},"end":{"line":57,"column":null}},"31":{"start":{"line":59,"column":6},"end":{"line":59,"column":null}},"32":{"start":{"line":62,"column":26},"end":{"line":62,"column":70}},"33":{"start":{"line":63,"column":10},"end":{"line":63,"column":33}},"34":{"start":{"line":66,"column":4},"end":{"line":66,"column":null}},"35":{"start":{"line":69,"column":16},"end":{"line":69,"column":null}},"36":{"start":{"line":70,"column":4},"end":{"line":70,"column":null}},"37":{"start":{"line":73,"column":4},"end":{"line":79,"column":null}},"38":{"start":{"line":81,"column":4},"end":{"line":84,"column":null}},"39":{"start":{"line":82,"column":6},"end":{"line":82,"column":null}},"40":{"start":{"line":84,"column":6},"end":{"line":84,"column":null}},"41":{"start":{"line":87,"column":16},"end":{"line":87,"column":64}},"42":{"start":{"line":88,"column":4},"end":{"line":91,"column":null}},"43":{"start":{"line":89,"column":6},"end":{"line":89,"column":null}},"44":{"start":{"line":91,"column":6},"end":{"line":91,"column":null}},"45":{"start":{"line":93,"column":4},"end":{"line":93,"column":null}},"46":{"start":{"line":98,"column":15},"end":{"line":98,"column":null}},"47":{"start":{"line":99,"column":8},"end":{"line":99,"column":43}},"48":{"start":{"line":100,"column":2},"end":{"line":100,"column":null}},"49":{"start":{"line":100,"column":17},"end":{"line":100,"column":null}},"50":{"start":{"line":102,"column":14},"end":{"line":102,"column":45}},"51":{"start":{"line":103,"column":2},"end":{"line":103,"column":null}},"52":{"start":{"line":104,"column":2},"end":{"line":104,"column":null}},"53":{"start":{"line":106,"column":2},"end":{"line":106,"column":null}},"54":{"start":{"line":108,"column":2},"end":{"line":111,"column":null}},"55":{"start":{"line":109,"column":4},"end":{"line":109,"column":null}},"56":{"start":{"line":111,"column":4},"end":{"line":111,"column":null}},"57":{"start":{"line":116,"column":2},"end":{"line":148,"column":null}},"58":{"start":{"line":117,"column":10},"end":{"line":117,"column":29}},"59":{"start":{"line":118,"column":19},"end":{"line":118,"column":null}},"60":{"start":{"line":120,"column":4},"end":{"line":123,"column":null}},"61":{"start":{"line":122,"column":6},"end":{"line":122,"column":null}},"62":{"start":{"line":123,"column":6},"end":{"line":123,"column":null}},"63":{"start":{"line":126,"column":18},"end":{"line":126,"column":null}},"64":{"start":{"line":127,"column":4},"end":{"line":136,"column":null}},"65":{"start":{"line":128,"column":6},"end":{"line":136,"column":null}},"66":{"start":{"line":129,"column":8},"end":{"line":129,"column":null}},"67":{"start":{"line":131,"column":8},"end":{"line":134,"column":null}},"68":{"start":{"line":132,"column":10},"end":{"line":132,"column":null}},"69":{"start":{"line":134,"column":10},"end":{"line":134,"column":null}},"70":{"start":{"line":136,"column":8},"end":{"line":136,"column":null}},"71":{"start":{"line":140,"column":4},"end":{"line":140,"column":null}},"72":{"start":{"line":142,"column":16},"end":{"line":142,"column":64}},"73":{"start":{"line":143,"column":4},"end":{"line":146,"column":null}},"74":{"start":{"line":144,"column":6},"end":{"line":144,"column":null}},"75":{"start":{"line":146,"column":6},"end":{"line":146,"column":null}},"76":{"start":{"line":148,"column":4},"end":{"line":148,"column":null}},"77":{"start":{"line":153,"column":2},"end":{"line":184,"column":null}},"78":{"start":{"line":154,"column":10},"end":{"line":154,"column":29}},"79":{"start":{"line":155,"column":19},"end":{"line":155,"column":null}},"80":{"start":{"line":157,"column":4},"end":{"line":159,"column":null}},"81":{"start":{"line":158,"column":6},"end":{"line":158,"column":null}},"82":{"start":{"line":159,"column":6},"end":{"line":159,"column":null}},"83":{"start":{"line":162,"column":18},"end":{"line":162,"column":null}},"84":{"start":{"line":163,"column":4},"end":{"line":172,"column":null}},"85":{"start":{"line":164,"column":6},"end":{"line":172,"column":null}},"86":{"start":{"line":165,"column":8},"end":{"line":165,"column":null}},"87":{"start":{"line":167,"column":8},"end":{"line":170,"column":null}},"88":{"start":{"line":168,"column":10},"end":{"line":168,"column":null}},"89":{"start":{"line":170,"column":10},"end":{"line":170,"column":null}},"90":{"start":{"line":172,"column":8},"end":{"line":172,"column":null}},"91":{"start":{"line":176,"column":4},"end":{"line":176,"column":null}},"92":{"start":{"line":178,"column":16},"end":{"line":178,"column":64}},"93":{"start":{"line":179,"column":4},"end":{"line":182,"column":null}},"94":{"start":{"line":180,"column":6},"end":{"line":180,"column":null}},"95":{"start":{"line":182,"column":6},"end":{"line":182,"column":null}},"96":{"start":{"line":184,"column":4},"end":{"line":184,"column":null}},"97":{"start":{"line":189,"column":2},"end":{"line":189,"column":null}},"98":{"start":{"line":193,"column":2},"end":{"line":224,"column":null}},"99":{"start":{"line":194,"column":4},"end":{"line":194,"column":null}},"100":{"start":{"line":195,"column":26},"end":{"line":195,"column":70}},"101":{"start":{"line":197,"column":10},"end":{"line":197,"column":29}},"102":{"start":{"line":198,"column":21},"end":{"line":198,"column":46}},"103":{"start":{"line":201,"column":4},"end":{"line":214,"column":null}},"104":{"start":{"line":202,"column":6},"end":{"line":202,"column":null}},"105":{"start":{"line":203,"column":6},"end":{"line":203,"column":null}},"106":{"start":{"line":204,"column":6},"end":{"line":207,"column":null}},"107":{"start":{"line":205,"column":8},"end":{"line":205,"column":null}},"108":{"start":{"line":207,"column":8},"end":{"line":207,"column":null}},"109":{"start":{"line":210,"column":6},"end":{"line":210,"column":null}},"110":{"start":{"line":211,"column":6},"end":{"line":214,"column":null}},"111":{"start":{"line":212,"column":8},"end":{"line":212,"column":null}},"112":{"start":{"line":214,"column":8},"end":{"line":214,"column":null}},"113":{"start":{"line":218,"column":16},"end":{"line":218,"column":64}},"114":{"start":{"line":219,"column":4},"end":{"line":222,"column":null}},"115":{"start":{"line":220,"column":6},"end":{"line":220,"column":null}},"116":{"start":{"line":222,"column":6},"end":{"line":222,"column":null}},"117":{"start":{"line":224,"column":4},"end":{"line":224,"column":null}},"118":{"start":{"line":229,"column":8},"end":{"line":229,"column":27}},"119":{"start":{"line":231,"column":2},"end":{"line":237,"column":null}},"120":{"start":{"line":232,"column":4},"end":{"line":236,"column":null}},"121":{"start":{"line":237,"column":4},"end":{"line":237,"column":null}},"122":{"start":{"line":240,"column":2},"end":{"line":242,"column":null}},"123":{"start":{"line":241,"column":4},"end":{"line":241,"column":null}},"124":{"start":{"line":242,"column":4},"end":{"line":242,"column":null}},"125":{"start":{"line":245,"column":22},"end":{"line":245,"column":null}},"126":{"start":{"line":246,"column":2},"end":{"line":246,"column":null}},"127":{"start":{"line":248,"column":2},"end":{"line":252,"column":null}},"128":{"start":{"line":248,"column":15},"end":{"line":248,"column":18}},"129":{"start":{"line":249,"column":14},"end":{"line":249,"column":null}},"130":{"start":{"line":250,"column":19},"end":{"line":250,"column":null}},"131":{"start":{"line":251,"column":16},"end":{"line":251,"column":null}},"132":{"start":{"line":252,"column":4},"end":{"line":252,"column":null}},"133":{"start":{"line":257,"column":8},"end":{"line":257,"column":27}},"134":{"start":{"line":258,"column":18},"end":{"line":258,"column":null}},"135":{"start":{"line":260,"column":2},"end":{"line":264,"column":null}},"136":{"start":{"line":262,"column":4},"end":{"line":262,"column":null}},"137":{"start":{"line":264,"column":4},"end":{"line":264,"column":null}},"138":{"start":{"line":267,"column":2},"end":{"line":270,"column":null}},"139":{"start":{"line":268,"column":4},"end":{"line":268,"column":null}},"140":{"start":{"line":270,"column":4},"end":{"line":270,"column":null}}},"fnMap":{"0":{"name":"stopCurrentMpv","decl":{"start":{"line":7,"column":15},"end":{"line":7,"column":32}},"loc":{"start":{"line":7,"column":32},"end":{"line":16,"column":null}},"line":7},"1":{"name":"findPlayableSong","decl":{"start":{"line":23,"column":15},"end":{"line":23,"column":32}},"loc":{"start":{"line":23,"column":104},"end":{"line":47,"column":null}},"line":23},"2":{"name":"playCommand","decl":{"start":{"line":50,"column":22},"end":{"line":50,"column":34}},"loc":{"start":{"line":50,"column":109},"end":{"line":93,"column":null}},"line":50},"3":{"name":"playSongAtIndex","decl":{"start":{"line":97,"column":15},"end":{"line":97,"column":31}},"loc":{"start":{"line":97,"column":96},"end":{"line":111,"column":null}},"line":97},"4":{"name":"nextCommand","decl":{"start":{"line":115,"column":22},"end":{"line":115,"column":51}},"loc":{"start":{"line":115,"column":51},"end":{"line":148,"column":null}},"line":115},"5":{"name":"prevCommand","decl":{"start":{"line":152,"column":22},"end":{"line":152,"column":51}},"loc":{"start":{"line":152,"column":51},"end":{"line":184,"column":null}},"line":152},"6":{"name":"isTTY","decl":{"start":{"line":188,"column":9},"end":{"line":188,"column":26}},"loc":{"start":{"line":188,"column":26},"end":{"line":189,"column":null}},"line":188},"7":{"name":"queueCommand","decl":{"start":{"line":192,"column":22},"end":{"line":192,"column":35}},"loc":{"start":{"line":192,"column":110},"end":{"line":224,"column":null}},"line":192},"8":{"name":"listCommand","decl":{"start":{"line":228,"column":22},"end":{"line":228,"column":34}},"loc":{"start":{"line":228,"column":75},"end":{"line":252,"column":null}},"line":228},"9":{"name":"clearCommand","decl":{"start":{"line":256,"column":22},"end":{"line":256,"column":52}},"loc":{"start":{"line":256,"column":52},"end":{"line":270,"column":null}},"line":256}},"branchMap":{"0":{"loc":{"start":{"line":8,"column":2},"end":{"line":8,"column":null}},"type":"if","locations":[{"start":{"line":8,"column":2},"end":{"line":8,"column":null}},{"start":{},"end":{}}],"line":8},"1":{"loc":{"start":{"line":24,"column":18},"end":{"line":24,"column":null}},"type":"cond-expr","locations":[{"start":{"line":24,"column":27},"end":{"line":24,"column":49}},{"start":{"line":24,"column":52},"end":{"line":24,"column":null}}],"line":24},"2":{"loc":{"start":{"line":26,"column":2},"end":{"line":26,"column":null}},"type":"if","locations":[{"start":{"line":26,"column":2},"end":{"line":26,"column":null}},{"start":{},"end":{}}],"line":26},"3":{"loc":{"start":{"line":32,"column":4},"end":{"line":32,"column":null}},"type":"if","locations":[{"start":{"line":32,"column":4},"end":{"line":32,"column":null}},{"start":{},"end":{}}],"line":32},"4":{"loc":{"start":{"line":36,"column":4},"end":{"line":36,"column":null}},"type":"if","locations":[{"start":{"line":36,"column":4},"end":{"line":36,"column":null}},{"start":{},"end":{}}],"line":36},"5":{"loc":{"start":{"line":40,"column":6},"end":{"line":40,"column":null}},"type":"if","locations":[{"start":{"line":40,"column":6},"end":{"line":40,"column":null}},{"start":{},"end":{}}],"line":40},"6":{"loc":{"start":{"line":81,"column":4},"end":{"line":84,"column":null}},"type":"if","locations":[{"start":{"line":81,"column":4},"end":{"line":84,"column":null}},{"start":{"line":83,"column":11},"end":{"line":84,"column":null}}],"line":81},"7":{"loc":{"start":{"line":87,"column":16},"end":{"line":87,"column":64}},"type":"cond-expr","locations":[{"start":{"line":87,"column":39},"end":{"line":87,"column":53}},{"start":{"line":87,"column":53},"end":{"line":87,"column":64}}],"line":87},"8":{"loc":{"start":{"line":88,"column":4},"end":{"line":91,"column":null}},"type":"if","locations":[{"start":{"line":88,"column":4},"end":{"line":91,"column":null}},{"start":{"line":90,"column":11},"end":{"line":91,"column":null}}],"line":88},"9":{"loc":{"start":{"line":100,"column":2},"end":{"line":100,"column":null}},"type":"if","locations":[{"start":{"line":100,"column":2},"end":{"line":100,"column":null}},{"start":{},"end":{}}],"line":100},"10":{"loc":{"start":{"line":108,"column":2},"end":{"line":111,"column":null}},"type":"if","locations":[{"start":{"line":108,"column":2},"end":{"line":111,"column":null}},{"start":{"line":110,"column":9},"end":{"line":111,"column":null}}],"line":108},"11":{"loc":{"start":{"line":118,"column":19},"end":{"line":118,"column":null}},"type":"binary-expr","locations":[{"start":{"line":118,"column":19},"end":{"line":118,"column":35}},{"start":{"line":118,"column":35},"end":{"line":118,"column":null}}],"line":118},"12":{"loc":{"start":{"line":120,"column":4},"end":{"line":123,"column":null}},"type":"if","locations":[{"start":{"line":120,"column":4},"end":{"line":123,"column":null}},{"start":{},"end":{}}],"line":120},"13":{"loc":{"start":{"line":127,"column":4},"end":{"line":136,"column":null}},"type":"if","locations":[{"start":{"line":127,"column":4},"end":{"line":136,"column":null}},{"start":{},"end":{}}],"line":127},"14":{"loc":{"start":{"line":128,"column":6},"end":{"line":136,"column":null}},"type":"if","locations":[{"start":{"line":128,"column":6},"end":{"line":136,"column":null}},{"start":{"line":130,"column":13},"end":{"line":136,"column":null}}],"line":128},"15":{"loc":{"start":{"line":131,"column":8},"end":{"line":134,"column":null}},"type":"if","locations":[{"start":{"line":131,"column":8},"end":{"line":134,"column":null}},{"start":{"line":133,"column":15},"end":{"line":134,"column":null}}],"line":131},"16":{"loc":{"start":{"line":142,"column":16},"end":{"line":142,"column":64}},"type":"cond-expr","locations":[{"start":{"line":142,"column":39},"end":{"line":142,"column":53}},{"start":{"line":142,"column":53},"end":{"line":142,"column":64}}],"line":142},"17":{"loc":{"start":{"line":143,"column":4},"end":{"line":146,"column":null}},"type":"if","locations":[{"start":{"line":143,"column":4},"end":{"line":146,"column":null}},{"start":{"line":145,"column":11},"end":{"line":146,"column":null}}],"line":143},"18":{"loc":{"start":{"line":155,"column":19},"end":{"line":155,"column":null}},"type":"binary-expr","locations":[{"start":{"line":155,"column":19},"end":{"line":155,"column":35}},{"start":{"line":155,"column":35},"end":{"line":155,"column":null}}],"line":155},"19":{"loc":{"start":{"line":157,"column":4},"end":{"line":159,"column":null}},"type":"if","locations":[{"start":{"line":157,"column":4},"end":{"line":159,"column":null}},{"start":{},"end":{}}],"line":157},"20":{"loc":{"start":{"line":163,"column":4},"end":{"line":172,"column":null}},"type":"if","locations":[{"start":{"line":163,"column":4},"end":{"line":172,"column":null}},{"start":{},"end":{}}],"line":163},"21":{"loc":{"start":{"line":164,"column":6},"end":{"line":172,"column":null}},"type":"if","locations":[{"start":{"line":164,"column":6},"end":{"line":172,"column":null}},{"start":{"line":166,"column":13},"end":{"line":172,"column":null}}],"line":164},"22":{"loc":{"start":{"line":167,"column":8},"end":{"line":170,"column":null}},"type":"if","locations":[{"start":{"line":167,"column":8},"end":{"line":170,"column":null}},{"start":{"line":169,"column":15},"end":{"line":170,"column":null}}],"line":167},"23":{"loc":{"start":{"line":178,"column":16},"end":{"line":178,"column":64}},"type":"cond-expr","locations":[{"start":{"line":178,"column":39},"end":{"line":178,"column":53}},{"start":{"line":178,"column":53},"end":{"line":178,"column":64}}],"line":178},"24":{"loc":{"start":{"line":179,"column":4},"end":{"line":182,"column":null}},"type":"if","locations":[{"start":{"line":179,"column":4},"end":{"line":182,"column":null}},{"start":{"line":181,"column":11},"end":{"line":182,"column":null}}],"line":179},"25":{"loc":{"start":{"line":201,"column":4},"end":{"line":214,"column":null}},"type":"if","locations":[{"start":{"line":201,"column":4},"end":{"line":214,"column":null}},{"start":{"line":209,"column":11},"end":{"line":214,"column":null}}],"line":201},"26":{"loc":{"start":{"line":201,"column":8},"end":{"line":201,"column":38}},"type":"binary-expr","locations":[{"start":{"line":201,"column":8},"end":{"line":201,"column":23}},{"start":{"line":201,"column":23},"end":{"line":201,"column":38}}],"line":201},"27":{"loc":{"start":{"line":204,"column":6},"end":{"line":207,"column":null}},"type":"if","locations":[{"start":{"line":204,"column":6},"end":{"line":207,"column":null}},{"start":{"line":206,"column":13},"end":{"line":207,"column":null}}],"line":204},"28":{"loc":{"start":{"line":211,"column":6},"end":{"line":214,"column":null}},"type":"if","locations":[{"start":{"line":211,"column":6},"end":{"line":214,"column":null}},{"start":{"line":213,"column":13},"end":{"line":214,"column":null}}],"line":211},"29":{"loc":{"start":{"line":218,"column":16},"end":{"line":218,"column":64}},"type":"cond-expr","locations":[{"start":{"line":218,"column":39},"end":{"line":218,"column":53}},{"start":{"line":218,"column":53},"end":{"line":218,"column":64}}],"line":218},"30":{"loc":{"start":{"line":219,"column":4},"end":{"line":222,"column":null}},"type":"if","locations":[{"start":{"line":219,"column":4},"end":{"line":222,"column":null}},{"start":{"line":221,"column":11},"end":{"line":222,"column":null}}],"line":219},"31":{"loc":{"start":{"line":231,"column":2},"end":{"line":237,"column":null}},"type":"if","locations":[{"start":{"line":231,"column":2},"end":{"line":237,"column":null}},{"start":{},"end":{}}],"line":231},"32":{"loc":{"start":{"line":235,"column":14},"end":{"line":235,"column":null}},"type":"binary-expr","locations":[{"start":{"line":235,"column":14},"end":{"line":235,"column":30}},{"start":{"line":235,"column":30},"end":{"line":235,"column":null}}],"line":235},"33":{"loc":{"start":{"line":240,"column":2},"end":{"line":242,"column":null}},"type":"if","locations":[{"start":{"line":240,"column":2},"end":{"line":242,"column":null}},{"start":{},"end":{}}],"line":240},"34":{"loc":{"start":{"line":245,"column":22},"end":{"line":245,"column":null}},"type":"cond-expr","locations":[{"start":{"line":245,"column":47},"end":{"line":245,"column":64}},{"start":{"line":245,"column":64},"end":{"line":245,"column":null}}],"line":245},"35":{"loc":{"start":{"line":245,"column":64},"end":{"line":245,"column":null}},"type":"cond-expr","locations":[{"start":{"line":245,"column":89},"end":{"line":245,"column":103}},{"start":{"line":245,"column":103},"end":{"line":245,"column":null}}],"line":245},"36":{"loc":{"start":{"line":250,"column":19},"end":{"line":250,"column":null}},"type":"cond-expr","locations":[{"start":{"line":250,"column":46},"end":{"line":250,"column":52}},{"start":{"line":250,"column":52},"end":{"line":250,"column":null}}],"line":250},"37":{"loc":{"start":{"line":251,"column":16},"end":{"line":251,"column":null}},"type":"cond-expr","locations":[{"start":{"line":251,"column":18},"end":{"line":251,"column":55}},{"start":{"line":251,"column":58},"end":{"line":251,"column":null}}],"line":251},"38":{"loc":{"start":{"line":260,"column":2},"end":{"line":264,"column":null}},"type":"if","locations":[{"start":{"line":260,"column":2},"end":{"line":264,"column":null}},{"start":{"line":263,"column":9},"end":{"line":264,"column":null}}],"line":260},"39":{"loc":{"start":{"line":267,"column":2},"end":{"line":270,"column":null}},"type":"if","locations":[{"start":{"line":267,"column":2},"end":{"line":270,"column":null}},{"start":{"line":269,"column":9},"end":{"line":270,"column":null}}],"line":267}},"s":{"0":4,"1":2,"2":2,"3":2,"4":0,"5":0,"6":2,"7":3,"8":3,"9":3,"10":0,"11":3,"12":3,"13":3,"14":3,"15":0,"16":3,"17":3,"18":3,"19":0,"20":3,"21":3,"22":3,"23":3,"24":0,"25":0,"26":2,"27":2,"28":2,"29":2,"30":2,"31":0,"32":2,"33":2,"34":2,"35":2,"36":2,"37":2,"38":2,"39":2,"40":0,"41":0,"42":0,"43":0,"44":0,"45":0,"46":2,"47":2,"48":2,"49":0,"50":2,"51":2,"52":2,"53":2,"54":2,"55":0,"56":2,"57":1,"58":1,"59":1,"60":1,"61":0,"62":0,"63":1,"64":1,"65":1,"66":1,"67":0,"68":0,"69":0,"70":0,"71":1,"72":0,"73":0,"74":0,"75":0,"76":0,"77":1,"78":1,"79":1,"80":1,"81":0,"82":0,"83":1,"84":1,"85":1,"86":1,"87":0,"88":0,"89":0,"90":0,"91":1,"92":0,"93":0,"94":0,"95":0,"96":0,"97":3,"98":1,"99":1,"100":1,"101":1,"102":1,"103":1,"104":0,"105":0,"106":0,"107":0,"108":0,"109":1,"110":1,"111":1,"112":0,"113":0,"114":0,"115":0,"116":0,"117":0,"118":2,"119":2,"120":1,"121":1,"122":1,"123":1,"124":1,"125":0,"126":2,"127":2,"128":2,"129":0,"130":0,"131":0,"132":0,"133":1,"134":1,"135":1,"136":1,"137":0,"138":1,"139":0,"140":1},"f":{"0":4,"1":3,"2":2,"3":2,"4":1,"5":1,"6":3,"7":1,"8":2,"9":1},"b":{"0":[2,2],"1":[0,3],"2":[0,3],"3":[0,3],"4":[0,3],"5":[3,0],"6":[2,0],"7":[0,0],"8":[0,0],"9":[0,2],"10":[0,2],"11":[1,0],"12":[0,1],"13":[1,0],"14":[1,0],"15":[0,0],"16":[0,0],"17":[0,0],"18":[1,0],"19":[0,1],"20":[1,0],"21":[1,0],"22":[0,0],"23":[0,0],"24":[0,0],"25":[0,1],"26":[1,1],"27":[0,0],"28":[1,0],"29":[0,0],"30":[0,0],"31":[1,1],"32":[1,0],"33":[1,0],"34":[0,0],"35":[0,0],"36":[0,0],"37":[0,0],"38":[1,0],"39":[0,1]},"meta":{"lastBranch":40,"lastFunction":10,"lastStatement":141,"seen":{"f:7:15:7:32":0,"b:8:2:8:Infinity:undefined:undefined:undefined:undefined":0,"s:8:2:8:Infinity":0,"s:8:23:8:Infinity":1,"s:9:2:13:Infinity":2,"s:10:16:10:34":3,"s:11:4:11:Infinity":4,"s:12:4:12:Infinity":5,"s:16:2:16:Infinity":6,"f:23:15:23:32":1,"s:24:18:24:Infinity":7,"b:24:27:24:49:24:52:24:Infinity":1,"s:25:16:25:53":8,"b:26:2:26:Infinity:undefined:undefined:undefined:undefined":2,"s:26:2:26:Infinity":9,"s:26:26:26:Infinity":10,"s:29:16:29:33":11,"s:30:2:43:Infinity":12,"s:31:16:31:Infinity":13,"b:32:4:32:Infinity:undefined:undefined:undefined:undefined":3,"s:32:4:32:Infinity":14,"s:32:24:32:Infinity":15,"s:33:4:33:Infinity":16,"s:35:10:35:45":17,"b:36:4:36:Infinity:undefined:undefined:undefined:undefined":4,"s:36:4:36:Infinity":18,"s:36:19:36:Infinity":19,"s:38:4:43:Infinity":20,"s:39:18:39:49":21,"b:40:6:40:Infinity:undefined:undefined:undefined:undefined":5,"s:40:6:40:Infinity":22,"s:40:15:40:Infinity":23,"s:43:6:43:Infinity":24,"s:47:2:47:Infinity":25,"f:50:22:50:34":2,"s:51:2:93:Infinity":26,"s:52:4:52:Infinity":27,"s:55:25:55:Infinity":28,"s:56:4:59:Infinity":29,"s:57:6:57:Infinity":30,"s:59:6:59:Infinity":31,"s:62:26:62:70":32,"s:63:10:63:33":33,"s:66:4:66:Infinity":34,"s:69:16:69:Infinity":35,"s:70:4:70:Infinity":36,"s:73:4:79:Infinity":37,"b:81:4:84:Infinity:83:11:84:Infinity":6,"s:81:4:84:Infinity":38,"s:82:6:82:Infinity":39,"s:84:6:84:Infinity":40,"s:87:16:87:64":41,"b:87:39:87:53:87:53:87:64":7,"b:88:4:91:Infinity:90:11:91:Infinity":8,"s:88:4:91:Infinity":42,"s:89:6:89:Infinity":43,"s:91:6:91:Infinity":44,"s:93:4:93:Infinity":45,"f:97:15:97:31":3,"s:98:15:98:Infinity":46,"s:99:8:99:43":47,"b:100:2:100:Infinity:undefined:undefined:undefined:undefined":9,"s:100:2:100:Infinity":48,"s:100:17:100:Infinity":49,"s:102:14:102:45":50,"s:103:2:103:Infinity":51,"s:104:2:104:Infinity":52,"s:106:2:106:Infinity":53,"b:108:2:111:Infinity:110:9:111:Infinity":10,"s:108:2:111:Infinity":54,"s:109:4:109:Infinity":55,"s:111:4:111:Infinity":56,"f:115:22:115:51":4,"s:116:2:148:Infinity":57,"s:117:10:117:29":58,"s:118:19:118:Infinity":59,"b:118:19:118:35:118:35:118:Infinity":11,"b:120:4:123:Infinity:undefined:undefined:undefined:undefined":12,"s:120:4:123:Infinity":60,"s:122:6:122:Infinity":61,"s:123:6:123:Infinity":62,"s:126:18:126:Infinity":63,"b:127:4:136:Infinity:undefined:undefined:undefined:undefined":13,"s:127:4:136:Infinity":64,"b:128:6:136:Infinity:130:13:136:Infinity":14,"s:128:6:136:Infinity":65,"s:129:8:129:Infinity":66,"b:131:8:134:Infinity:133:15:134:Infinity":15,"s:131:8:134:Infinity":67,"s:132:10:132:Infinity":68,"s:134:10:134:Infinity":69,"s:136:8:136:Infinity":70,"s:140:4:140:Infinity":71,"s:142:16:142:64":72,"b:142:39:142:53:142:53:142:64":16,"b:143:4:146:Infinity:145:11:146:Infinity":17,"s:143:4:146:Infinity":73,"s:144:6:144:Infinity":74,"s:146:6:146:Infinity":75,"s:148:4:148:Infinity":76,"f:152:22:152:51":5,"s:153:2:184:Infinity":77,"s:154:10:154:29":78,"s:155:19:155:Infinity":79,"b:155:19:155:35:155:35:155:Infinity":18,"b:157:4:159:Infinity:undefined:undefined:undefined:undefined":19,"s:157:4:159:Infinity":80,"s:158:6:158:Infinity":81,"s:159:6:159:Infinity":82,"s:162:18:162:Infinity":83,"b:163:4:172:Infinity:undefined:undefined:undefined:undefined":20,"s:163:4:172:Infinity":84,"b:164:6:172:Infinity:166:13:172:Infinity":21,"s:164:6:172:Infinity":85,"s:165:8:165:Infinity":86,"b:167:8:170:Infinity:169:15:170:Infinity":22,"s:167:8:170:Infinity":87,"s:168:10:168:Infinity":88,"s:170:10:170:Infinity":89,"s:172:8:172:Infinity":90,"s:176:4:176:Infinity":91,"s:178:16:178:64":92,"b:178:39:178:53:178:53:178:64":23,"b:179:4:182:Infinity:181:11:182:Infinity":24,"s:179:4:182:Infinity":93,"s:180:6:180:Infinity":94,"s:182:6:182:Infinity":95,"s:184:4:184:Infinity":96,"f:188:9:188:26":6,"s:189:2:189:Infinity":97,"f:192:22:192:35":7,"s:193:2:224:Infinity":98,"s:194:4:194:Infinity":99,"s:195:26:195:70":100,"s:197:10:197:29":101,"s:198:21:198:46":102,"b:201:4:214:Infinity:209:11:214:Infinity":25,"s:201:4:214:Infinity":103,"b:201:8:201:23:201:23:201:38":26,"s:202:6:202:Infinity":104,"s:203:6:203:Infinity":105,"b:204:6:207:Infinity:206:13:207:Infinity":27,"s:204:6:207:Infinity":106,"s:205:8:205:Infinity":107,"s:207:8:207:Infinity":108,"s:210:6:210:Infinity":109,"b:211:6:214:Infinity:213:13:214:Infinity":28,"s:211:6:214:Infinity":110,"s:212:8:212:Infinity":111,"s:214:8:214:Infinity":112,"s:218:16:218:64":113,"b:218:39:218:53:218:53:218:64":29,"b:219:4:222:Infinity:221:11:222:Infinity":30,"s:219:4:222:Infinity":114,"s:220:6:220:Infinity":115,"s:222:6:222:Infinity":116,"s:224:4:224:Infinity":117,"f:228:22:228:34":8,"s:229:8:229:27":118,"b:231:2:237:Infinity:undefined:undefined:undefined:undefined":31,"s:231:2:237:Infinity":119,"s:232:4:236:Infinity":120,"b:235:14:235:30:235:30:235:Infinity":32,"s:237:4:237:Infinity":121,"b:240:2:242:Infinity:undefined:undefined:undefined:undefined":33,"s:240:2:242:Infinity":122,"s:241:4:241:Infinity":123,"s:242:4:242:Infinity":124,"s:245:22:245:Infinity":125,"b:245:47:245:64:245:64:245:Infinity":34,"b:245:89:245:103:245:103:245:Infinity":35,"s:246:2:246:Infinity":126,"s:248:2:252:Infinity":127,"s:248:15:248:18":128,"s:249:14:249:Infinity":129,"s:250:19:250:Infinity":130,"b:250:46:250:52:250:52:250:Infinity":36,"s:251:16:251:Infinity":131,"b:251:18:251:55:251:58:251:Infinity":37,"s:252:4:252:Infinity":132,"f:256:22:256:52":9,"s:257:8:257:27":133,"s:258:18:258:Infinity":134,"b:260:2:264:Infinity:263:9:264:Infinity":38,"s:260:2:264:Infinity":135,"s:262:4:262:Infinity":136,"s:264:4:264:Infinity":137,"b:267:2:270:Infinity:269:9:270:Infinity":39,"s:267:2:270:Infinity":138,"s:268:4:268:Infinity":139,"s:270:4:270:Infinity":140}}}
,"/Users/bytedance/projj/github.com/gxcsoccer/play-music/src/commands/search.ts": {"path":"/Users/bytedance/projj/github.com/gxcsoccer/play-music/src/commands/search.ts","statementMap":{"0":{"start":{"line":15,"column":18},"end":{"line":17,"column":null}},"1":{"start":{"line":18,"column":16},"end":{"line":18,"column":null}},"2":{"start":{"line":20,"column":2},"end":{"line":56,"column":null}},"3":{"start":{"line":21,"column":18},"end":{"line":21,"column":58}},"4":{"start":{"line":23,"column":4},"end":{"line":25,"column":null}},"5":{"start":{"line":24,"column":6},"end":{"line":24,"column":null}},"6":{"start":{"line":25,"column":6},"end":{"line":25,"column":null}},"7":{"start":{"line":28,"column":4},"end":{"line":30,"column":null}},"8":{"start":{"line":29,"column":6},"end":{"line":29,"column":null}},"9":{"start":{"line":30,"column":6},"end":{"line":30,"column":null}},"10":{"start":{"line":34,"column":19},"end":{"line":34,"column":null}},"11":{"start":{"line":35,"column":4},"end":{"line":35,"column":null}},"12":{"start":{"line":36,"column":4},"end":{"line":36,"column":null}},"13":{"start":{"line":38,"column":4},"end":{"line":45,"column":null}},"14":{"start":{"line":39,"column":18},"end":{"line":39,"column":43}},"15":{"start":{"line":40,"column":12},"end":{"line":40,"column":53}},"16":{"start":{"line":41,"column":12},"end":{"line":41,"column":57}},"17":{"start":{"line":42,"column":12},"end":{"line":42,"column":61}},"18":{"start":{"line":43,"column":12},"end":{"line":43,"column":57}},"19":{"start":{"line":44,"column":6},"end":{"line":44,"column":null}},"20":{"start":{"line":47,"column":4},"end":{"line":47,"column":null}},"21":{"start":{"line":49,"column":4},"end":{"line":54,"column":null}},"22":{"start":{"line":50,"column":6},"end":{"line":52,"column":null}},"23":{"start":{"line":54,"column":6},"end":{"line":54,"column":null}},"24":{"start":{"line":56,"column":4},"end":{"line":56,"column":null}}},"fnMap":{"0":{"name":"searchCommand","decl":{"start":{"line":11,"column":22},"end":{"line":11,"column":null}},"loc":{"start":{"line":14,"column":17},"end":{"line":56,"column":null}},"line":14},"1":{"name":"(anonymous_1)","decl":{"start":{"line":38,"column":10},"end":{"line":38,"column":19}},"loc":{"start":{"line":38,"column":31},"end":{"line":45,"column":null}},"line":38}},"branchMap":{"0":{"loc":{"start":{"line":15,"column":18},"end":{"line":17,"column":null}},"type":"cond-expr","locations":[{"start":{"line":16,"column":7},"end":{"line":16,"column":29}},{"start":{"line":17,"column":6},"end":{"line":17,"column":null}}],"line":15},"1":{"loc":{"start":{"line":18,"column":16},"end":{"line":18,"column":null}},"type":"cond-expr","locations":[{"start":{"line":18,"column":29},"end":{"line":18,"column":53}},{"start":{"line":18,"column":56},"end":{"line":18,"column":null}}],"line":18},"2":{"loc":{"start":{"line":23,"column":4},"end":{"line":25,"column":null}},"type":"if","locations":[{"start":{"line":23,"column":4},"end":{"line":25,"column":null}},{"start":{},"end":{}}],"line":23},"3":{"loc":{"start":{"line":28,"column":4},"end":{"line":30,"column":null}},"type":"if","locations":[{"start":{"line":28,"column":4},"end":{"line":30,"column":null}},{"start":{},"end":{}}],"line":28},"4":{"loc":{"start":{"line":42,"column":29},"end":{"line":42,"column":47}},"type":"binary-expr","locations":[{"start":{"line":42,"column":29},"end":{"line":42,"column":43}},{"start":{"line":42,"column":43},"end":{"line":42,"column":47}}],"line":42},"5":{"loc":{"start":{"line":49,"column":4},"end":{"line":54,"column":null}},"type":"if","locations":[{"start":{"line":49,"column":4},"end":{"line":54,"column":null}},{"start":{"line":53,"column":11},"end":{"line":54,"column":null}}],"line":49},"6":{"loc":{"start":{"line":51,"column":28},"end":{"line":51,"column":76}},"type":"cond-expr","locations":[{"start":{"line":51,"column":51},"end":{"line":51,"column":65}},{"start":{"line":51,"column":65},"end":{"line":51,"column":76}}],"line":51},"7":{"loc":{"start":{"line":54,"column":38},"end":{"line":54,"column":79}},"type":"cond-expr","locations":[{"start":{"line":54,"column":61},"end":{"line":54,"column":75}},{"start":{"line":54,"column":75},"end":{"line":54,"column":79}}],"line":54}},"s":{"0":3,"1":3,"2":3,"3":3,"4":3,"5":2,"6":2,"7":1,"8":0,"9":0,"10":1,"11":1,"12":1,"13":1,"14":1,"15":1,"16":1,"17":1,"18":1,"19":1,"20":1,"21":0,"22":0,"23":0,"24":0},"f":{"0":3,"1":1},"b":{"0":[0,3],"1":[3,0],"2":[2,1],"3":[0,1],"4":[1,1],"5":[0,0],"6":[0,0],"7":[0,0]},"meta":{"lastBranch":8,"lastFunction":2,"lastStatement":25,"seen":{"f:11:22:11:Infinity":0,"s:15:18:17:Infinity":0,"b:16:7:16:29:17:6:17:Infinity":0,"s:18:16:18:Infinity":1,"b:18:29:18:53:18:56:18:Infinity":1,"s:20:2:56:Infinity":2,"s:21:18:21:58":3,"b:23:4:25:Infinity:undefined:undefined:undefined:undefined":2,"s:23:4:25:Infinity":4,"s:24:6:24:Infinity":5,"s:25:6:25:Infinity":6,"b:28:4:30:Infinity:undefined:undefined:undefined:undefined":3,"s:28:4:30:Infinity":7,"s:29:6:29:Infinity":8,"s:30:6:30:Infinity":9,"s:34:19:34:Infinity":10,"s:35:4:35:Infinity":11,"s:36:4:36:Infinity":12,"s:38:4:45:Infinity":13,"f:38:10:38:19":1,"s:39:18:39:43":14,"s:40:12:40:53":15,"s:41:12:41:57":16,"s:42:12:42:61":17,"b:42:29:42:43:42:43:42:47":4,"s:43:12:43:57":18,"s:44:6:44:Infinity":19,"s:47:4:47:Infinity":20,"b:49:4:54:Infinity:53:11:54:Infinity":5,"s:49:4:54:Infinity":21,"s:50:6:52:Infinity":22,"b:51:51:51:65:51:65:51:76":6,"s:54:6:54:Infinity":23,"b:54:61:54:75:54:75:54:79":7,"s:56:4:56:Infinity":24}}}
,"/Users/bytedance/projj/github.com/gxcsoccer/play-music/src/commands/setup.ts": {"path":"/Users/bytedance/projj/github.com/gxcsoccer/play-music/src/commands/setup.ts","statementMap":{"0":{"start":{"line":6,"column":13},"end":{"line":6,"column":null}},"1":{"start":{"line":7,"column":6},"end":{"line":7,"column":40}},"2":{"start":{"line":8,"column":6},"end":{"line":8,"column":52}},"3":{"start":{"line":9,"column":6},"end":{"line":9,"column":62}},"4":{"start":{"line":10,"column":6},"end":{"line":10,"column":55}},"5":{"start":{"line":12,"column":22},"end":{"line":12,"column":null}},"6":{"start":{"line":66,"column":2},"end":{"line":72,"column":null}},"7":{"start":{"line":67,"column":10},"end":{"line":67,"column":160}},"8":{"start":{"line":68,"column":4},"end":{"line":70,"column":null}},"9":{"start":{"line":69,"column":12},"end":{"line":69,"column":64}},"10":{"start":{"line":70,"column":6},"end":{"line":70,"column":null}},"11":{"start":{"line":70,"column":33},"end":{"line":70,"column":null}},"12":{"start":{"line":75,"column":8},"end":{"line":75,"column":57}},"13":{"start":{"line":76,"column":21},"end":{"line":78,"column":null}},"14":{"start":{"line":80,"column":2},"end":{"line":81,"column":null}},"15":{"start":{"line":81,"column":4},"end":{"line":81,"column":null}},"16":{"start":{"line":81,"column":23},"end":{"line":81,"column":null}},"17":{"start":{"line":83,"column":2},"end":{"line":83,"column":null}},"18":{"start":{"line":87,"column":2},"end":{"line":90,"column":null}},"19":{"start":{"line":88,"column":4},"end":{"line":88,"column":null}},"20":{"start":{"line":90,"column":4},"end":{"line":90,"column":null}},"21":{"start":{"line":95,"column":2},"end":{"line":95,"column":null}},"22":{"start":{"line":99,"column":2},"end":{"line":100,"column":null}},"23":{"start":{"line":100,"column":4},"end":{"line":100,"column":null}},"24":{"start":{"line":103,"column":2},"end":{"line":103,"column":null}},"25":{"start":{"line":106,"column":2},"end":{"line":106,"column":null}},"26":{"start":{"line":107,"column":2},"end":{"line":107,"column":null}},"27":{"start":{"line":108,"column":2},"end":{"line":108,"column":null}},"28":{"start":{"line":111,"column":20},"end":{"line":111,"column":42}},"29":{"start":{"line":112,"column":2},"end":{"line":117,"column":null}},"30":{"start":{"line":113,"column":4},"end":{"line":113,"column":null}},"31":{"start":{"line":114,"column":4},"end":{"line":114,"column":null}},"32":{"start":{"line":115,"column":4},"end":{"line":115,"column":null}},"33":{"start":{"line":117,"column":4},"end":{"line":117,"column":null}},"34":{"start":{"line":121,"column":2},"end":{"line":121,"column":null}},"35":{"start":{"line":122,"column":19},"end":{"line":122,"column":33}},"36":{"start":{"line":125,"column":24},"end":{"line":125,"column":null}},"37":{"start":{"line":126,"column":2},"end":{"line":129,"column":null}},"38":{"start":{"line":132,"column":20},"end":{"line":132,"column":null}},"39":{"start":{"line":133,"column":2},"end":{"line":133,"column":null}},"40":{"start":{"line":133,"column":29},"end":{"line":133,"column":null}},"41":{"start":{"line":134,"column":2},"end":{"line":134,"column":null}},"42":{"start":{"line":134,"column":50},"end":{"line":134,"column":null}},"43":{"start":{"line":135,"column":2},"end":{"line":139,"column":null}},"44":{"start":{"line":136,"column":4},"end":{"line":136,"column":null}},"45":{"start":{"line":137,"column":4},"end":{"line":137,"column":null}},"46":{"start":{"line":139,"column":4},"end":{"line":139,"column":null}},"47":{"start":{"line":142,"column":2},"end":{"line":142,"column":null}},"48":{"start":{"line":144,"column":2},"end":{"line":147,"column":null}},"49":{"start":{"line":145,"column":4},"end":{"line":145,"column":null}},"50":{"start":{"line":147,"column":4},"end":{"line":147,"column":null}},"51":{"start":{"line":150,"column":2},"end":{"line":157,"column":null}},"52":{"start":{"line":161,"column":2},"end":{"line":161,"column":null}},"53":{"start":{"line":164,"column":2},"end":{"line":168,"column":null}},"54":{"start":{"line":165,"column":4},"end":{"line":165,"column":null}},"55":{"start":{"line":166,"column":4},"end":{"line":166,"column":null}},"56":{"start":{"line":168,"column":4},"end":{"line":168,"column":null}},"57":{"start":{"line":172,"column":2},"end":{"line":176,"column":null}},"58":{"start":{"line":173,"column":4},"end":{"line":173,"column":null}},"59":{"start":{"line":174,"column":4},"end":{"line":174,"column":null}},"60":{"start":{"line":176,"column":4},"end":{"line":176,"column":null}},"61":{"start":{"line":180,"column":19},"end":{"line":180,"column":33}},"62":{"start":{"line":181,"column":2},"end":{"line":184,"column":null}},"63":{"start":{"line":182,"column":4},"end":{"line":182,"column":null}},"64":{"start":{"line":183,"column":4},"end":{"line":183,"column":null}},"65":{"start":{"line":184,"column":4},"end":{"line":184,"column":null}},"66":{"start":{"line":187,"column":2},"end":{"line":187,"column":null}}},"fnMap":{"0":{"name":"findStatuslineScript","decl":{"start":{"line":64,"column":9},"end":{"line":64,"column":47}},"loc":{"start":{"line":64,"column":47},"end":{"line":83,"column":null}},"line":64},"1":{"name":"readSettings","decl":{"start":{"line":86,"column":9},"end":{"line":86,"column":45}},"loc":{"start":{"line":86,"column":45},"end":{"line":90,"column":null}},"line":86},"2":{"name":"writeSettings","decl":{"start":{"line":94,"column":9},"end":{"line":94,"column":23}},"loc":{"start":{"line":94,"column":54},"end":{"line":95,"column":null}},"line":94},"3":{"name":"setupCommand","decl":{"start":{"line":98,"column":22},"end":{"line":98,"column":35}},"loc":{"start":{"line":98,"column":81},"end":{"line":157,"column":null}},"line":98},"4":{"name":"uninstall","decl":{"start":{"line":160,"column":9},"end":{"line":160,"column":21}},"loc":{"start":{"line":160,"column":21},"end":{"line":187,"column":null}},"line":160}},"branchMap":{"0":{"loc":{"start":{"line":6,"column":13},"end":{"line":6,"column":null}},"type":"binary-expr","locations":[{"start":{"line":6,"column":13},"end":{"line":6,"column":33}},{"start":{"line":6,"column":33},"end":{"line":6,"column":null}}],"line":6},"1":{"loc":{"start":{"line":68,"column":4},"end":{"line":70,"column":null}},"type":"if","locations":[{"start":{"line":68,"column":4},"end":{"line":70,"column":null}},{"start":{},"end":{}}],"line":68},"2":{"loc":{"start":{"line":70,"column":6},"end":{"line":70,"column":null}},"type":"if","locations":[{"start":{"line":70,"column":6},"end":{"line":70,"column":null}},{"start":{},"end":{}}],"line":70},"3":{"loc":{"start":{"line":81,"column":4},"end":{"line":81,"column":null}},"type":"if","locations":[{"start":{"line":81,"column":4},"end":{"line":81,"column":null}},{"start":{},"end":{}}],"line":81},"4":{"loc":{"start":{"line":99,"column":2},"end":{"line":100,"column":null}},"type":"if","locations":[{"start":{"line":99,"column":2},"end":{"line":100,"column":null}},{"start":{},"end":{}}],"line":99},"5":{"loc":{"start":{"line":112,"column":2},"end":{"line":117,"column":null}},"type":"if","locations":[{"start":{"line":112,"column":2},"end":{"line":117,"column":null}},{"start":{"line":116,"column":9},"end":{"line":117,"column":null}}],"line":112},"6":{"loc":{"start":{"line":133,"column":2},"end":{"line":133,"column":null}},"type":"if","locations":[{"start":{"line":133,"column":2},"end":{"line":133,"column":null}},{"start":{},"end":{}}],"line":133},"7":{"loc":{"start":{"line":134,"column":2},"end":{"line":134,"column":null}},"type":"if","locations":[{"start":{"line":134,"column":2},"end":{"line":134,"column":null}},{"start":{},"end":{}}],"line":134},"8":{"loc":{"start":{"line":135,"column":2},"end":{"line":139,"column":null}},"type":"if","locations":[{"start":{"line":135,"column":2},"end":{"line":139,"column":null}},{"start":{"line":138,"column":9},"end":{"line":139,"column":null}}],"line":135},"9":{"loc":{"start":{"line":144,"column":2},"end":{"line":147,"column":null}},"type":"if","locations":[{"start":{"line":144,"column":2},"end":{"line":147,"column":null}},{"start":{"line":146,"column":9},"end":{"line":147,"column":null}}],"line":144},"10":{"loc":{"start":{"line":181,"column":2},"end":{"line":184,"column":null}},"type":"if","locations":[{"start":{"line":181,"column":2},"end":{"line":184,"column":null}},{"start":{},"end":{}}],"line":181}},"s":{"0":0,"1":0,"2":0,"3":0,"4":0,"5":0,"6":0,"7":0,"8":0,"9":0,"10":0,"11":0,"12":0,"13":0,"14":0,"15":0,"16":0,"17":0,"18":0,"19":0,"20":0,"21":0,"22":0,"23":0,"24":0,"25":0,"26":0,"27":0,"28":0,"29":0,"30":0,"31":0,"32":0,"33":0,"34":0,"35":0,"36":0,"37":0,"38":0,"39":0,"40":0,"41":0,"42":0,"43":0,"44":0,"45":0,"46":0,"47":0,"48":0,"49":0,"50":0,"51":0,"52":0,"53":0,"54":0,"55":0,"56":0,"57":0,"58":0,"59":0,"60":0,"61":0,"62":0,"63":0,"64":0,"65":0,"66":0},"f":{"0":0,"1":0,"2":0,"3":0,"4":0},"b":{"0":[0,0],"1":[0,0],"2":[0,0],"3":[0,0],"4":[0,0],"5":[0,0],"6":[0,0],"7":[0,0],"8":[0,0],"9":[0,0],"10":[0,0]},"meta":{"lastBranch":11,"lastFunction":5,"lastStatement":67,"seen":{"s:6:13:6:Infinity":0,"b:6:13:6:33:6:33:6:Infinity":0,"s:7:6:7:40":1,"s:8:6:8:52":2,"s:9:6:9:62":3,"s:10:6:10:55":4,"s:12:22:12:Infinity":5,"f:64:9:64:47":0,"s:66:2:72:Infinity":6,"s:67:10:67:160":7,"b:68:4:70:Infinity:undefined:undefined:undefined:undefined":1,"s:68:4:70:Infinity":8,"s:69:12:69:64":9,"b:70:6:70:Infinity:undefined:undefined:undefined:undefined":2,"s:70:6:70:Infinity":10,"s:70:33:70:Infinity":11,"s:75:8:75:57":12,"s:76:21:78:Infinity":13,"s:80:2:81:Infinity":14,"b:81:4:81:Infinity:undefined:undefined:undefined:undefined":3,"s:81:4:81:Infinity":15,"s:81:23:81:Infinity":16,"s:83:2:83:Infinity":17,"f:86:9:86:45":1,"s:87:2:90:Infinity":18,"s:88:4:88:Infinity":19,"s:90:4:90:Infinity":20,"f:94:9:94:23":2,"s:95:2:95:Infinity":21,"f:98:22:98:35":3,"b:99:2:100:Infinity:undefined:undefined:undefined:undefined":4,"s:99:2:100:Infinity":22,"s:100:4:100:Infinity":23,"s:103:2:103:Infinity":24,"s:106:2:106:Infinity":25,"s:107:2:107:Infinity":26,"s:108:2:108:Infinity":27,"s:111:20:111:42":28,"b:112:2:117:Infinity:116:9:117:Infinity":5,"s:112:2:117:Infinity":29,"s:113:4:113:Infinity":30,"s:114:4:114:Infinity":31,"s:115:4:115:Infinity":32,"s:117:4:117:Infinity":33,"s:121:2:121:Infinity":34,"s:122:19:122:33":35,"s:125:24:125:Infinity":36,"s:126:2:129:Infinity":37,"s:132:20:132:Infinity":38,"b:133:2:133:Infinity:undefined:undefined:undefined:undefined":6,"s:133:2:133:Infinity":39,"s:133:29:133:Infinity":40,"b:134:2:134:Infinity:undefined:undefined:undefined:undefined":7,"s:134:2:134:Infinity":41,"s:134:50:134:Infinity":42,"b:135:2:139:Infinity:138:9:139:Infinity":8,"s:135:2:139:Infinity":43,"s:136:4:136:Infinity":44,"s:137:4:137:Infinity":45,"s:139:4:139:Infinity":46,"s:142:2:142:Infinity":47,"b:144:2:147:Infinity:146:9:147:Infinity":9,"s:144:2:147:Infinity":48,"s:145:4:145:Infinity":49,"s:147:4:147:Infinity":50,"s:150:2:157:Infinity":51,"f:160:9:160:21":4,"s:161:2:161:Infinity":52,"s:164:2:168:Infinity":53,"s:165:4:165:Infinity":54,"s:166:4:166:Infinity":55,"s:168:4:168:Infinity":56,"s:172:2:176:Infinity":57,"s:173:4:173:Infinity":58,"s:174:4:174:Infinity":59,"s:176:4:176:Infinity":60,"s:180:19:180:33":61,"b:181:2:184:Infinity:undefined:undefined:undefined:undefined":10,"s:181:2:184:Infinity":62,"s:182:4:182:Infinity":63,"s:183:4:183:Infinity":64,"s:184:4:184:Infinity":65,"s:187:2:187:Infinity":66}}}
,"/Users/bytedance/projj/github.com/gxcsoccer/play-music/src/commands/status.ts": {"path":"/Users/bytedance/projj/github.com/gxcsoccer/play-music/src/commands/status.ts","statementMap":{"0":{"start":{"line":17,"column":2},"end":{"line":23,"column":null}},"1":{"start":{"line":18,"column":4},"end":{"line":21,"column":null}},"2":{"start":{"line":19,"column":6},"end":{"line":19,"column":null}},"3":{"start":{"line":21,"column":6},"end":{"line":21,"column":null}},"4":{"start":{"line":23,"column":4},"end":{"line":23,"column":null}},"5":{"start":{"line":26,"column":2},"end":{"line":77,"column":null}},"6":{"start":{"line":27,"column":16},"end":{"line":27,"column":34}},"7":{"start":{"line":28,"column":10},"end":{"line":28,"column":29}},"8":{"start":{"line":30,"column":49},"end":{"line":35,"column":6}},"9":{"start":{"line":31,"column":46},"end":{"line":31,"column":48}},"10":{"start":{"line":32,"column":46},"end":{"line":32,"column":48}},"11":{"start":{"line":33,"column":43},"end":{"line":33,"column":49}},"12":{"start":{"line":34,"column":44},"end":{"line":34,"column":null}},"13":{"start":{"line":37,"column":4},"end":{"line":37,"column":null}},"14":{"start":{"line":39,"column":29},"end":{"line":55,"column":null}},"15":{"start":{"line":57,"column":4},"end":{"line":70,"column":null}},"16":{"start":{"line":58,"column":6},"end":{"line":58,"column":null}},"17":{"start":{"line":60,"column":6},"end":{"line":62,"column":null}},"18":{"start":{"line":61,"column":8},"end":{"line":61,"column":null}},"19":{"start":{"line":62,"column":8},"end":{"line":62,"column":null}},"20":{"start":{"line":64,"column":19},"end":{"line":64,"column":null}},"21":{"start":{"line":65,"column":12},"end":{"line":65,"column":47}},"22":{"start":{"line":66,"column":12},"end":{"line":66,"column":47}},"23":{"start":{"line":67,"column":6},"end":{"line":67,"column":null}},"24":{"start":{"line":68,"column":6},"end":{"line":68,"column":null}},"25":{"start":{"line":69,"column":6},"end":{"line":70,"column":null}},"26":{"start":{"line":70,"column":8},"end":{"line":70,"column":null}},"27":{"start":{"line":74,"column":4},"end":{"line":77,"column":null}},"28":{"start":{"line":75,"column":6},"end":{"line":75,"column":null}},"29":{"start":{"line":77,"column":6},"end":{"line":77,"column":null}}},"fnMap":{"0":{"name":"statusCommand","decl":{"start":{"line":16,"column":22},"end":{"line":16,"column":36}},"loc":{"start":{"line":16,"column":77},"end":{"line":77,"column":null}},"line":16},"1":{"name":"(anonymous_1)","decl":{"start":{"line":31,"column":34},"end":{"line":31,"column":46}},"loc":{"start":{"line":31,"column":46},"end":{"line":31,"column":48}},"line":31},"2":{"name":"(anonymous_2)","decl":{"start":{"line":32,"column":34},"end":{"line":32,"column":46}},"loc":{"start":{"line":32,"column":46},"end":{"line":32,"column":48}},"line":32},"3":{"name":"(anonymous_3)","decl":{"start":{"line":33,"column":31},"end":{"line":33,"column":43}},"loc":{"start":{"line":33,"column":43},"end":{"line":33,"column":49}},"line":33},"4":{"name":"(anonymous_4)","decl":{"start":{"line":34,"column":32},"end":{"line":34,"column":44}},"loc":{"start":{"line":34,"column":44},"end":{"line":34,"column":null}},"line":34}},"branchMap":{"0":{"loc":{"start":{"line":17,"column":2},"end":{"line":23,"column":null}},"type":"if","locations":[{"start":{"line":17,"column":2},"end":{"line":23,"column":null}},{"start":{},"end":{}}],"line":17},"1":{"loc":{"start":{"line":18,"column":4},"end":{"line":21,"column":null}},"type":"if","locations":[{"start":{"line":18,"column":4},"end":{"line":21,"column":null}},{"start":{"line":20,"column":11},"end":{"line":21,"column":null}}],"line":18},"2":{"loc":{"start":{"line":40,"column":12},"end":{"line":48,"column":null}},"type":"cond-expr","locations":[{"start":{"line":41,"column":10},"end":{"line":47,"column":null}},{"start":{"line":48,"column":10},"end":{"line":48,"column":null}}],"line":40},"3":{"loc":{"start":{"line":57,"column":4},"end":{"line":70,"column":null}},"type":"if","locations":[{"start":{"line":57,"column":4},"end":{"line":70,"column":null}},{"start":{"line":59,"column":11},"end":{"line":70,"column":null}}],"line":57},"4":{"loc":
[...]
ine":140,"column":28},"end":{"line":140,"column":35}},"line":140},"12":{"name":"(anonymous_12)","decl":{"start":{"line":147,"column":8},"end":{"line":147,"column":19}},"loc":{"start":{"line":147,"column":48},"end":{"line":158,"column":null}},"line":147},"13":{"name":"(anonymous_13)","decl":{"start":{"line":161,"column":8},"end":{"line":161,"column":18}},"loc":{"start":{"line":161,"column":47},"end":{"line":169,"column":null}},"line":161}},"branchMap":{"0":{"loc":{"start":{"line":19,"column":32},"end":{"line":19,"column":56}},"type":"default-arg","locations":[{"start":{"line":19,"column":44},"end":{"line":19,"column":56}}],"line":19},"1":{"loc":{"start":{"line":69,"column":4},"end":{"line":70,"column":null}},"type":"if","locations":[{"start":{"line":69,"column":4},"end":{"line":70,"column":null}},{"start":{},"end":{}}],"line":69},"2":{"loc":{"start":{"line":123,"column":32},"end":{"line":123,"column":61}},"type":"default-arg","locations":[{"start":{"line":123,"column":40},"end":{"line":123,"column":61}}],"line":123},"3":{"loc":{"start":{"line":134,"column":18},"end":{"line":134,"column":42}},"type":"binary-expr","locations":[{"start":{"line":134,"column":18},"end":{"line":134,"column":40}},{"start":{"line":134,"column":40},"end":{"line":134,"column":42}}],"line":134},"4":{"loc":{"start":{"line":156,"column":4},"end":{"line":156,"column":null}},"type":"if","locations":[{"start":{"line":156,"column":4},"end":{"line":156,"column":null}},{"start":{},"end":{}}],"line":156},"5":{"loc":{"start":{"line":169,"column":11},"end":{"line":169,"column":null}},"type":"binary-expr","locations":[{"start":{"line":169,"column":11},"end":{"line":169,"column":30}},{"start":{"line":169,"column":30},"end":{"line":169,"column":null}}],"line":169}},"s":{"0":1,"1":1,"2":1,"3":1,"4":1,"5":1,"6":1,"7":1,"8":1,"9":1,"10":1,"11":1,"12":1,"13":1,"14":1,"15":0,"16":0,"17":0,"18":0,"19":0,"20":0,"21":0,"22":0,"23":0,"24":0,"25":0,"26":0,"27":0,"28":0,"29":0,"30":0,"31":0,"32":0,"33":0,"34":0,"35":0,"36":1,"37":1,"38":0,"39":0,"40":0,"41":0,"42":0,"43":0,"44":1,"45":1,"46":1,"47":1,"48":1,"49":1,"50":1,"51":1,"52":1,"53":1,"54":0,"55":0,"56":0,"57":0,"58":0,"59":0,"60":0,"61":0,"62":0,"63":0,"64":0,"65":0,"66":0,"67":0,"68":0},"f":{"0":1,"1":1,"2":0,"3":0,"4":0,"5":0,"6":0,"7":1,"8":0,"9":1,"10":1,"11":1,"12":0,"13":0},"b":{"0":[1],"1":[0,0],"2":[1],"3":[1,0],"4":[0,0],"5":[0,0]},"meta":{"lastBranch":6,"lastFunction":14,"lastStatement":69,"seen":{"s:5:18:5:Infinity":0,"s:6:18:6:Infinity":1,"s:7:18:7:Infinity":2,"s:10:20:10:Infinity":3,"s:11:17:11:Infinity":4,"s:12:21:12:Infinity":5,"s:14:2:14:Infinity":6,"s:17:18:17:72":7,"f:19:9:19:18":0,"b:19:44:19:56":0,"s:20:18:20:Infinity":8,"s:21:2:21:Infinity":9,"f:24:9:24:23":1,"s:25:8:25:57":10,"s:26:2:26:Infinity":11,"s:27:17:27:44":12,"s:28:20:28:74":13,"s:29:2:29:Infinity":14,"f:32:9:32:23":2,"s:33:8:36:Infinity":15,"s:38:20:41:4":16,"s:42:2:42:Infinity":17,"f:45:9:45:22":3,"s:46:16:46:Infinity":18,"s:47:2:49:Infinity":19,"f:48:5:48:9":4,"s:48:14:48:38":20,"f:52:9:52:20":5,"s:54:19:54:52":21,"s:56:14:56:51":22,"s:58:15:58:33":23,"s:59:14:59:35":24,"s:60:14:60:36":25,"s:61:17:61:39":26,"s:62:2:62:Infinity":27,"f:65:9:65:16":6,"s:66:15:66:Infinity":28,"s:67:2:67:Infinity":29,"s:68:2:73:Infinity":30,"b:69:4:70:Infinity:undefined:undefined:undefined:undefined":1,"s:69:4:70:Infinity":31,"s:70:6:70:Infinity":32,"s:72:4:72:Infinity":33,"s:73:4:73:Infinity":34,"s:75:2:75:Infinity":35,"f:78:9:78:22":7,"s:79:15:79:35":36,"s:80:2:80:Infinity":37,"f:83:9:83:22":8,"s:84:15:84:35":38,"s:85:17:85:33":39,"s:86:15:86:57":40,"s:87:15:87:52":41,"s:88:20:88:67":42,"s:89:2:89:Infinity":43,"s:120:46:171:Infinity":44,"f:123:8:123:15":9,"b:123:40:123:61":2,"s:124:20:128:Infinity":45,"s:129:22:129:43":46,"s:130:17:130:Infinity":47,"s:132:16:132:60":48,"s:133:18:133:34":49,"s:134:18:134:42":50,"b:134:18:134:40:134:40:134:42":3,"s:136:4:144:Infinity":51,"f:136:17:136:21":10,"s:136:27:144:7":52,"f:140:19:140:23":11,"s:140:28:140:35":53,"f:147:8:147:19":12,"s:148:17:148:Infinity":54,"s:149:22:149:40":55,"s:150:17:150:Infinity":56,"s:152:16:152:60":57,"s:153:18:153:34":58,"s:155:17:155:Infinity":59,"b:156:4:156:Infinity:undefined:undefined:undefined:undefined":4,"s:156:4:156:Infinity":60,"s:156:19:156:Infinity":61,"s:158:4:158:Infinity":62,"f:161:8:161:18":13,"s:162:17:162:Infinity":63,"s:163:22:163:40":64,"s:164:17:164:Infinity":65,"s:166:16:166:60":66,"s:167:18:167:34":67,"s:169:4:169:Infinity":68,"b:169:11:169:30:169:30:169:Infinity":5}}}
,"/Users/bytedance/projj/github.com/gxcsoccer/play-music/src/providers/qq.ts": {"path":"/Users/bytedance/projj/github.com/gxcsoccer/play-music/src/providers/qq.ts","statementMap":{"0":{"start":{"line":3,"column":19},"end":{"line":3,"column":null}},"1":{"start":{"line":4,"column":19},"end":{"line":4,"column":null}},"2":{"start":{"line":5,"column":18},"end":{"line":5,"column":null}},"3":{"start":{"line":8,"column":2},"end":{"line":8,"column":null}},"4":{"start":{"line":11,"column":2},"end":{"line":11,"column":null}},"5":{"start":{"line":55,"column":41},"end":{"line":181,"column":null}},"6":{"start":{"line":59,"column":19},"end":{"line":64,"column":6}},"7":{"start":{"line":65,"column":16},"end":{"line":67,"column":6}},"8":{"start":{"line":68,"column":18},"end":{"line":68,"column":34}},"9":{"start":{"line":69,"column":17},"end":{"line":69,"column":44}},"10":{"start":{"line":71,"column":4},"end":{"line":85,"column":null}},"11":{"start":{"line":71,"column":29},"end":{"line":85,"column":7}},"12":{"start":{"line":75,"column":35},"end":{"line":75,"column":42}},"13":{"start":{"line":89,"column":17},"end":{"line":89,"column":29}},"14":{"start":{"line":91,"column":21},"end":{"line":93,"column":null}},"15":{"start":{"line":96,"column":4},"end":{"line":141,"column":null}},"16":{"start":{"line":97,"column":23},"end":{"line":97,"column":null}},"17":{"start":{"line":98,"column":19},"end":{"line":123,"column":null}},"18":{"start":{"line":125,"column":6},"end":{"line":141,"column":null}},"19":{"start":{"line":126,"column":20},"end":{"line":134,"column":10}},"20":{"start":{"line":135,"column":22},"end":{"line":135,"column":38}},"21":{"start":{"line":136,"column":21},"end":{"line":136,"column":null}},"22":{"start":{"line":137,"column":8},"end":{"line":138,"column":null}},"23":{"start":{"line":138,"column":10},"end":{"line":138,"column":null}},"24":{"start":{"line":141,"column":8},"end":{"line":141,"column":null}},"25":{"start":{"line":145,"column":4},"end":{"line":145,"column":null}},"26":{"start":{"line":149,"column":19},"end":{"line":159,"column":6}},"27":{"start":{"line":160,"column":16},"end":{"line":165,"column":6}},"28":{"start":{"line":166,"column":17},"end":{"line":166,"column":33}},"29":{"start":{"line":170,"column":4},"end":{"line":175,"column":null}},"30":{"start":{"line":171,"column":6},"end":{"line":171,"column":null}},"31":{"start":{"line":173,"column":20},"end":{"line":173,"column":43}},"32":{"start":{"line":174,"column":6},"end":{"line":174,"column":null}},"33":{"start":{"line":174,"column":18},"end":{"line":174,"column":null}},"34":{"start":{"line":175,"column":6},"end":{"line":175,"column":null}},"35":{"start":{"line":178,"column":4},"end":{"line":178,"column":null}},"36":{"start":{"line":178,"column":21},"end":{"line":178,"column":null}},"37":{"start":{"line":179,"column":4},"end":{"line":179,"column":null}}},"fnMap":{"0":{"name":"randomGuid","decl":{"start":{"line":10,"column":9},"end":{"line":10,"column":30}},"loc":{"start":{"line":10,"column":30},"end":{"line":11,"column":null}},"line":10},"1":{"name":"(anonymous_1)","decl":{"start":{"line":58,"column":8},"end":{"line":58,"column":15}},"loc":{"start":{"line":58,"column":61},"end":{"line":85,"column":null}},"line":58},"2":{"name":"(anonymous_2)","decl":{"start":{"line":71,"column":16},"end":{"line":71,"column":20}},"loc":{"start":{"line":71,"column":29},"end":{"line":85,"column":7}},"line":71},"3":{"name":"(anonymous_3)","decl":{"start":{"line":75,"column":26},"end":{"line":75,"column":30}},"loc":{"start":{"line":75,"column":35},"end":{"line":75,"column":42}},"line":75},"4":{"name":"(anonymous_4)","decl":{"start":{"line":88,"column":8},"end":{"line":88,"column":19}},"loc":{"start":{"line":88,"column":48},"end":{"line":145,"column":null}},"line":88},"5":{"name":"(anonymous_5)","decl":{"start":{"line":148,"column":8},"end":{"line":148,"column":18}},"loc":{"start":{"line":148,"column":47},"end":{"line":179,"column":null}},"line":148}},"branchMap":{"0":{"loc":{"start":{"line":58,"column":32},"end":{"line":58,"column":61}},"type":"default-arg","locations":[{"start":{"line":58,"column":40},"end":{"line":58,"column":61}}],"line":58},"1":{"loc":{"start":{"line":69,"column":17},"end":{"line":69,"column":44}},"type":"binary-expr","locations":[{"start":{"line":69,"column":17},"end":{"line":69,"column":42}},{"start":{"line":69,"column":42},"end":{"line":69,"column":44}}],"line":69},"2":{"loc":{"start":{"line":137,"column":8},"end":{"line":138,"column":null}},"type":"if","locations":[{"start":{"line":137,"column":8},"end":{"line":138,"column":null}},{"start":{},"end":{}}],"line":137},"3":{"loc":{"start":{"line":174,"column":6},"end":{"line":174,"column":null}},"type":"if","locations":[{"start":{"line":174,"column":6},"end":{"line":174,"column":null}},{"start":{},"end":{}}],"line":174},"4":{"loc":{"start":{"line":178,"column":4},"end":{"line":178,"column":null}},"type":"if","locations":[{"start":{"line":178,"column":4},"end":{"line":178,"column":null}},{"start":{},"end":{}}],"line":178}},"s":{"0":1,"1":1,"2":1,"3":1,"4":0,"5":1,"6":2,"7":2,"8":2,"9":2,"10":2,"11":1,"12":1,"13":0,"14":0,"15":0,"16":0,"17":0,"18":0,"19":0,"20":0,"21":0,"22":0,"23":0,"24":0,"25":0,"26":0,"27":0,"28":0,"29":0,"30":0,"31":0,"32":0,"33":0,"34":0,"35":0,"36":0,"37":0},"f":{"0":0,"1":2,"2":1,"3":1,"4":0,"5":0},"b":{"0":[2],"1":[2,0],"2":[0,0],"3":[0,0],"4":[0,0]},"meta":{"lastBranch":5,"lastFunction":6,"lastStatement":38,"seen":{"s:3:19:3:Infinity":0,"s:4:19:4:Infinity":1,"s:5:18:5:Infinity":2,"s:8:2:8:Infinity":3,"f:10:9:10:30":0,"s:11:2:11:Infinity":4,"s:55:41:181:Infinity":5,"f:58:8:58:15":1,"b:58:40:58:61":0,"s:59:19:64:6":6,"s:65:16:67:6":7,"s:68:18:68:34":8,"s:69:17:69:44":9,"b:69:17:69:42:69:42:69:44":1,"s:71:4:85:Infinity":10,"f:71:16:71:20":2,"s:71:29:85:7":11,"f:75:26:75:30":3,"s:75:35:75:42":12,"f:88:8:88:19":4,"s:89:17:89:29":13,"s:91:21:93:Infinity":14,"s:96:4:141:Infinity":15,"s:97:23:97:Infinity":16,"s:98:19:123:Infinity":17,"s:125:6:141:Infinity":18,"s:126:20:134:10":19,"s:135:22:135:38":20,"s:136:21:136:Infinity":21,"b:137:8:138:Infinity:undefined:undefined:undefined:undefined":2,"s:137:8:138:Infinity":22,"s:138:10:138:Infinity":23,"s:141:8:141:Infinity":24,"s:145:4:145:Infinity":25,"f:148:8:148:18":5,"s:149:19:159:6":26,"s:160:16:165:6":27,"s:166:17:166:33":28,"s:170:4:175:Infinity":29,"s:171:6:171:Infinity":30,"s:173:20:173:43":31,"b:174:6:174:Infinity:undefined:undefined:undefined:undefined":3,"s:174:6:174:Infinity":32,"s:174:18:174:Infinity":33,"s:175:6:175:Infinity":34,"b:178:4:178:Infinity:undefined:undefined:undefined:undefined":4,"s:178:4:178:Infinity":35,"s:178:21:178:Infinity":36,"s:179:4:179:Infinity":37}}}
,"/Users/bytedance/projj/github.com/gxcsoccer/play-music/src/providers/registry.ts": {"path":"/Users/bytedance/projj/github.com/gxcsoccer/play-music/src/providers/registry.ts","statementMap":{"0":{"start":{"line":3,"column":18},"end":{"line":3,"column":54}},"1":{"start":{"line":6,"column":2},"end":{"line":6,"column":null}},"2":{"start":{"line":10,"column":2},"end":{"line":10,"column":null}},"3":{"start":{"line":14,"column":2},"end":{"line":14,"column":null}},"4":{"start":{"line":18,"column":2},"end":{"line":18,"column":null}},"5":{"start":{"line":26,"column":18},"end":{"line":26,"column":45}},"6":{"start":{"line":27,"column":18},"end":{"line":31,"column":null}},"7":{"start":{"line":29,"column":18},"end":{"line":29,"column":36}},"8":{"start":{"line":30,"column":41},"end":{"line":30,"column":57}},"9":{"start":{"line":31,"column":16},"end":{"line":31,"column":40}},"10":{"start":{"line":33,"column":2},"end":{"line":33,"column":null}},"11":{"start":{"line":33,"column":31},"end":{"line":33,"column":70}}},"fnMap":{"0":{"name":"register","decl":{"start":{"line":5,"column":16},"end":{"line":5,"column":25}},"loc":{"start":{"line":5,"column":50},"end":{"line":6,"column":null}},"line":5},"1":{"name":"getProvider","decl":{"start":{"line":9,"column":16},"end":{"line":9,"column":28}},"loc":{"start":{"line":9,"column":73},"end":{"line":10,"column":null}},"line":9},"2":{"name":"getAllProviders","decl":{"start":{"line":13,"column":16},"end":{"line":13,"column":51}},"loc":{"start":{"line":13,"column":51},"end":{"line":14,"column":null}},"line":13},"3":{"name":"getSourceNames","decl":{"start":{"line":17,"column":16},"end":{"line":17,"column":47}},"loc":{"start":{"line":17,"column":47},"end":{"line":18,"column":null}},"line":17},"4":{"name":"searchAll","decl":{"start":{"line":21,"column":22},"end":{"line":21,"column":null}},"loc":{"start":{"line":25,"column":19},"end":{"line":33,"column":null}},"line":25},"5":{"name":"(anonymous_5)","decl":{"start":{"line":29,"column":7},"end":{"line":29,"column":11}},"loc":{"start":{"line":29,"column":18},"end":{"line":29,"column":36}},"line":29},"6":{"name":"(anonymous_6)","decl":{"start":{"line":30,"column":7},"end":{"line":30,"column":15}},"loc":{"start":{"line":30,"column":41},"end":{"line":30,"column":57}},"line":30},"7":{"name":"(anonymous_7)","decl":{"start":{"line":31,"column":7},"end":{"line":31,"column":11}},"loc":{"start":{"line":31,"column":16},"end":{"line":31,"column":40}},"line":31},"8":{"name":"(anonymous_8)","decl":{"start":{"line":33,"column":17},"end":{"line":33,"column":25}},"loc":{"start":{"line":33,"column":31},"end":{"line":33,"column":70}},"line":33}},"branchMap":{"0":{"loc":{"start":{"line":26,"column":18},"end":{"line":26,"column":45}},"type":"binary-expr","locations":[{"start":{"line":26,"column":18},"end":{"line":26,"column":29}},{"start":{"line":26,"column":29},"end":{"line":26,"column":45}}],"line":26},"1":{"loc":{"start":{"line":33,"column":31},"end":{"line":33,"column":70}},"type":"cond-expr","locations":[{"start":{"line":33,"column":58},"end":{"line":33,"column":68}},{"start":{"line":33,"column":68},"end":{"line":33,"column":70}}],"line":33}},"s":{"0":4,"1":20,"2":11,"3":1,"4":9,"5":9,"6":9,"7":12,"8":12,"9":12,"10":9,"11":12},"f":{"0":20,"1":11,"2":1,"3":9,"4":9,"5":12,"6":12,"7":12,"8":12},"b":{"0":[9,8],"1":[11,1]},"meta":{"lastBranch":2,"lastFunction":9,"lastStatement":12,"seen":{"s:3:18:3:54":0,"f:5:16:5:25":0,"s:6:2:6:Infinity":1,"f:9:16:9:28":1,"s:10:2:10:Infinity":2,"f:13:16:13:51":2,"s:14:2:14:Infinity":3,"f:17:16:17:47":3,"s:18:2:18:Infinity":4,"f:21:22:21:Infinity":4,"s:26:18:26:45":5,"b:26:18:26:29:26:29:26:45":0,"s:27:18:31:Infinity":6,"f:29:7:29:11":5,"s:29:18:29:36":7,"f:30:7:30:15":6,"s:30:41:30:57":8,"f:31:7:31:11":7,"s:31:16:31:40":9,"s:33:2:33:Infinity":10,"f:33:17:33:25":8,"s:33:31:33:70":11,"b:33:58:33:68:33:68:33:70":1}}}
,"/Users/bytedance/projj/github.com/gxcsoccer/play-music/src/providers/types.ts": {"path":"/Users/bytedance/projj/github.com/gxcsoccer/play-music/src/providers/types.ts","statementMap":{"0":{"start":{"line":29,"column":2},"end":{"line":29,"column":null}},"1":{"start":{"line":33,"column":2},"end":{"line":33,"column":null}}},"fnMap":{"0":{"name":"success","decl":{"start":{"line":28,"column":16},"end":{"line":28,"column":27}},"loc":{"start":{"line":28,"column":50},"end":{"line":29,"column":null}},"line":28},"1":{"name":"fail","decl":{"start":{"line":32,"column":16},"end":{"line":32,"column":21}},"loc":{"start":{"line":32,"column":47},"end":{"line":33,"column":null}},"line":32}},"branchMap":{},"s":{"0":18,"1":1},"f":{"0":18,"1":1},"b":{},"meta":{"lastBranch":0,"lastFunction":2,"lastStatement":2,"seen":{"f:28:16:28:27":0,"s:29:2:29:Infinity":0,"f:32:16:32:21":1,"s:33:2:33:Infinity":1}}}
,"/Users/bytedance/projj/github.com/gxcsoccer/play-music/src/utils/format.ts": {"path":"/Users/bytedance/projj/github.com/gxcsoccer/play-music/src/utils/format.ts","statementMap":{"0":{"start":{"line":2,"column":2},"end":{"line":2,"column":null}},"1":{"start":{"line":2,"column":48},"end":{"line":2,"column":null}},"2":{"start":{"line":3,"column":12},"end":{"line":3,"column":36}},"3":{"start":{"line":4,"column":12},"end":{"line":4,"column":36}},"4":{"start":{"line":5,"column":2},"end":{"line":5,"column":null}},"5":{"start":{"line":9,"column":2},"end":{"line":9,"column":null}},"6":{"start":{"line":13,"column":2},"end":{"line":13,"column":null}},"7":{"start":{"line":13,"column":28},"end":{"line":13,"column":null}},"8":{"start":{"line":14,"column":2},"end":{"line":14,"column":null}}},"fnMap":{"0":{"name":"formatDuration","decl":{"start":{"line":1,"column":16},"end":{"line":1,"column":31}},"loc":{"start":{"line":1,"column":56},"end":{"line":5,"column":null}},"line":1},"1":{"name":"sanitizeFilename","decl":{"start":{"line":8,"column":16},"end":{"line":8,"column":33}},"loc":{"start":{"line":8,"column":55},"end":{"line":9,"column":null}},"line":8},"2":{"name":"truncate","decl":{"start":{"line":12,"column":16},"end":{"line":12,"column":25}},"loc":{"start":{"line":12,"column":62},"end":{"line":14,"column":null}},"line":12}},"branchMap":{"0":{"loc":{"start":{"line":2,"column":2},"end":{"line":2,"column":null}},"type":"if","locations":[{"start":{"line":2,"column":2},"end":{"line":2,"column":null}},{"start":{},"end":{}}],"line":2},"1":{"loc":{"start":{"line":2,"column":6},"end":{"line":2,"column":48}},"type":"binary-expr","locations":[{"start":{"line":2,"column":6},"end":{"line":2,"column":31}},{"start":{"line":2,"column":35},"end":{"line":2,"column":48}}],"line":2},"2":{"loc":{"start":{"line":13,"column":2},"end":{"line":13,"column":null}},"type":"if","locations":[{"start":{"line":13,"column":2},"end":{"line":13,"column":null}},{"start":{},"end":{}}],"line":13}},"s":{"0":9,"1":2,"2":9,"3":9,"4":9,"5":7,"6":7,"7":6,"8":1},"f":{"0":9,"1":7,"2":7},"b":{"0":[2,7],"1":[9,8],"2":[6,1]},"meta":{"lastBranch":3,"lastFunction":3,"lastStatement":9,"seen":{"f:1:16:1:31":0,"b:2:2:2:Infinity:undefined:undefined:undefined:undefined":0,"s:2:2:2:Infinity":0,"b:2:6:2:31:2:35:2:48":1,"s:2:48:2:Infinity":1,"s:3:12:3:36":2,"s:4:12:4:36":3,"s:5:2:5:Infinity":4,"f:8:16:8:33":1,"s:9:2:9:Infinity":5,"f:12:16:12:25":2,"b:13:2:13:Infinity:undefined:undefined:undefined:undefined":2,"s:13:2:13:Infinity":6,"s:13:28:13:Infinity":7,"s:14:2:14:Infinity":8}}}
,"/Users/bytedance/projj/github.com/gxcsoccer/play-music/src/utils/http.ts": {"path":"/Users/bytedance/projj/github.com/gxcsoccer/play-music/src/utils/http.ts","statementMap":{"0":{"start":{"line":3,"column":67},"end":{"line":27,"column":null}},"1":{"start":{"line":34,"column":18},"end":{"line":34,"column":null}},"2":{"start":{"line":35,"column":2},"end":{"line":35,"column":null}},"3":{"start":{"line":44,"column":18},"end":{"line":44,"column":null}},"4":{"start":{"line":45,"column":2},"end":{"line":49,"column":null}}},"fnMap":{"0":{"name":"sourceGet","decl":{"start":{"line":29,"column":22},"end":{"line":29,"column":null}},"loc":{"start":{"line":33,"column":21},"end":{"line":35,"column":null}},"line":33},"1":{"name":"sourcePost","decl":{"start":{"line":38,"column":22},"end":{"line":38,"column":null}},"loc":{"start":{"line":43,"column":21},"end":{"line":49,"column":null}},"line":43}},"branchMap":{"0":{"loc":{"start":{"line":48,"column":10},"end":{"line":48,"column":null}},"type":"cond-expr","locations":[{"start":{"line":48,"column":37},"end":{"line":48,"column":44}},{"start":{"line":48,"column":44},"end":{"line":48,"column":null}}],"line":48}},"s":{"0":2,"1":15,"2":15,"3":3,"4":3},"f":{"0":15,"1":3},"b":{"0":[2,1]},"meta":{"lastBranch":1,"lastFunction":2,"lastStatement":5,"seen":{"s:3:67:27:Infinity":0,"f:29:22:29:Infinity":0,"s:34:18:34:Infinity":1,"s:35:2:35:Infinity":2,"f:38:22:38:Infinity":1,"s:44:18:44:Infinity":3,"s:45:2:49:Infinity":4,"b:48:37:48:44:48:44:48:Infinity":0}}}
}
